11:17:20.351 INFO  --- [restartedMain] c.l.example.LcomTestApplication : Starting LcomTestApplication on DESKTOP-CD0KHBQ with PID 9012 (C:\Users\l9-morning\Documents\lcom_test\bin\main started by l9-morning in C:\Users\l9-morning\Documents\lcom_test) 
11:17:20.354 DEBUG --- [restartedMain] c.l.example.LcomTestApplication : Running with Spring Boot v2.3.4.RELEASE, Spring v5.2.9.RELEASE 
11:17:20.354 INFO  --- [restartedMain] c.l.example.LcomTestApplication : The following profiles are active: local 
11:17:21.557 DEBUG --- [restartedMain] c.l.example.config.AuthTokenFilter : Filter 'authenticationJwtTokenFilter' configured for use 
11:17:21.966 INFO  --- [restartedMain] c.l.example.LcomTestApplication : Started LcomTestApplication in 1.928 seconds (JVM running for 2.501) 
11:17:32.598 DEBUG --- [http-nio-9000-exec-1] c.l.e.m.P.selectProductList : ==>  Preparing: SELECT * FROM vue_product ta LEFT JOIN ( SELECT * FROM vue_heart WHERE u_id = ? ) tb ON ta.p_id = tb.p_id LEFT JOIN vue_img tc ON ta.p_name = tc.p_name LEFT JOIN userlist td ON tb.u_id = td.u_id LIMIT ?,8 
11:17:32.620 DEBUG --- [http-nio-9000-exec-1] c.l.e.m.P.selectProductList : ==> Parameters: qqq(String), 8(Integer) 
11:17:32.659 TRACE --- [http-nio-9000-exec-1] c.l.e.m.P.selectProductList : <==    Columns: p_id, p_name, p_date, p_price, p_from, p_brand, p_like, p_quantity, h_id, p_id, u_id, i_id, i_name, p_name, u_id, u_password, u_name, u_phone, u_datetime, u_isAccountNonExpired, u_isAccountNonLocked, u_isCredentialNonExpired, u_isEnabled 
11:17:32.659 TRACE --- [http-nio-9000-exec-1] c.l.e.m.P.selectProductList : <==        Row: 197, Test 4, 2021-08-20 01:44:09, 25000, Test, Test, 0, 1, null, null, null, 194, 202108200144094.PNG, Test 4, null, null, null, null, null, null, null, null, null 
11:17:32.662 TRACE --- [http-nio-9000-exec-1] c.l.e.m.P.selectProductList : <==        Row: 197, Test 4, 2021-08-20 01:44:09, 25000, Test, Test, 0, 1, null, null, null, 195, 202108200144095.PNG, Test 4, null, null, null, null, null, null, null, null, null 
11:17:32.663 TRACE --- [http-nio-9000-exec-1] c.l.e.m.P.selectProductList : <==        Row: 197, Test 4, 2021-08-20 01:44:09, 25000, Test, Test, 0, 1, null, null, null, 196, 202108200144096.PNG, Test 4, null, null, null, null, null, null, null, null, null 
11:17:32.664 TRACE --- [http-nio-9000-exec-1] c.l.e.m.P.selectProductList : <==        Row: 197, Test 4, 2021-08-20 01:44:09, 25000, Test, Test, 0, 1, null, null, null, 197, 20210820014409바지2.PNG, Test 4, null, null, null, null, null, null, null, null, null 
11:17:32.664 TRACE --- [http-nio-9000-exec-1] c.l.e.m.P.selectProductList : <==        Row: 198, Test 5, 2021-08-20 01:44:29, 20000, Test, Test, 0, 100, null, null, null, 198, 202108200144297.PNG, Test 5, null, null, null, null, null, null, null, null, null 
11:17:32.666 TRACE --- [http-nio-9000-exec-1] c.l.e.m.P.selectProductList : <==        Row: 198, Test 5, 2021-08-20 01:44:29, 20000, Test, Test, 0, 100, null, null, null, 199, 202108200144298.PNG, Test 5, null, null, null, null, null, null, null, null, null 
11:17:32.666 TRACE --- [http-nio-9000-exec-1] c.l.e.m.P.selectProductList : <==        Row: 198, Test 5, 2021-08-20 01:44:29, 20000, Test, Test, 0, 100, null, null, null, 200, 20210820014429예시사진1.PNG, Test 5, null, null, null, null, null, null, null, null, null 
11:17:32.667 TRACE --- [http-nio-9000-exec-1] c.l.e.m.P.selectProductList : <==        Row: 198, Test 5, 2021-08-20 01:44:29, 20000, Test, Test, 0, 100, null, null, null, 201, 20210820014429예시사진2.PNG, Test 5, null, null, null, null, null, null, null, null, null 
11:17:32.668 DEBUG --- [http-nio-9000-exec-1] c.l.e.m.P.selectProductList : <==      Total: 8 
11:17:32.672 INFO  --- [http-nio-9000-exec-1] c.l.e.controller.AuthController : [com.lcom_test.example.domain.Product@7402502d, com.lcom_test.example.domain.Product@75e63004] 
11:17:33.756 DEBUG --- [http-nio-9000-exec-2] c.l.e.m.P.selectProductList : ==>  Preparing: SELECT * FROM vue_product ta LEFT JOIN ( SELECT * FROM vue_heart WHERE u_id = ? ) tb ON ta.p_id = tb.p_id LEFT JOIN vue_img tc ON ta.p_name = tc.p_name LEFT JOIN userlist td ON tb.u_id = td.u_id LIMIT ?,8 
11:17:33.756 DEBUG --- [http-nio-9000-exec-2] c.l.e.m.P.selectProductList : ==> Parameters: qqq(String), 16(Integer) 
11:17:33.768 DEBUG --- [http-nio-9000-exec-2] c.l.e.m.P.selectProductList : <==      Total: 0 
11:17:33.769 INFO  --- [http-nio-9000-exec-2] c.l.e.controller.AuthController : [] 
11:19:37.319 DEBUG --- [http-nio-9000-exec-4] c.l.e.m.P.selectProductList : ==>  Preparing: SELECT * FROM vue_product ta LEFT JOIN ( SELECT * FROM vue_heart WHERE u_id = ? ) tb ON ta.p_id = tb.p_id LEFT JOIN vue_img tc ON ta.p_name = tc.p_name LEFT JOIN userlist td ON tb.u_id = td.u_id LIMIT ?,8 
11:19:37.320 DEBUG --- [http-nio-9000-exec-4] c.l.e.m.P.selectProductList : ==> Parameters: qqq(String), 8(Integer) 
11:19:37.331 DEBUG --- [http-nio-9000-exec-4] c.l.e.m.P.selectProductList : <==      Total: 0 
11:19:37.331 INFO  --- [http-nio-9000-exec-4] c.l.e.controller.AuthController : [] 
11:19:45.341 ERROR --- [http-nio-9000-exec-6] c.lcom_test.example.config.JwtUtils : JWT token is expired: JWT expired at 2021-08-20T10:25:42Z. Current time: 2021-08-20T11:19:45Z, a difference of 3243341 milliseconds.  Allowed clock skew: 0 milliseconds. 
11:19:45.366 ERROR --- [http-nio-9000-exec-6] c.l.e.config.AuthEntryPointJwt : Unauthorized error: Full authentication is required to access this resource 
11:22:08.842 INFO  --- [http-nio-9000-exec-9] c.l.e.controller.AuthController : testLoginRequest [username=qqq, password=qqqq] 
11:22:08.932 DEBUG --- [http-nio-9000-exec-9] c.l.e.mapper.UserMapper.readUser : ==>  Preparing: SELECT u_id as username, u_password as password, u_name as name, u_phone as phone, u_isAccountNonExpired as isAccountNonExpired, u_isAccountNonLocked as isAccountNonLocked, u_isCredentialNonExpired as isCredentialsNonExpired, u_isEnabled as isEnabled FROM userlist WHERE 1=1 AND u_id = ? 
11:22:08.932 DEBUG --- [http-nio-9000-exec-9] c.l.e.mapper.UserMapper.readUser : ==> Parameters: qqq(String) 
11:22:08.942 TRACE --- [http-nio-9000-exec-9] c.l.e.mapper.UserMapper.readUser : <==    Columns: username, password, name, phone, isAccountNonExpired, isAccountNonLocked, isCredentialsNonExpired, isEnabled 
11:22:08.942 TRACE --- [http-nio-9000-exec-9] c.l.e.mapper.UserMapper.readUser : <==        Row: qqq, $2a$10$MvKTOLYd8oQqWqQ4HUQXiOQqjvhci.W6O.40oYrRyyKdiw16HUo62, test1, x, 1, 1, 1, 1 
11:22:08.943 DEBUG --- [http-nio-9000-exec-9] c.l.e.mapper.UserMapper.readUser : <==      Total: 1 
11:22:08.943 DEBUG --- [http-nio-9000-exec-9] c.l.e.m.UserMapper.readAuthorities : ==>  Preparing: SELECT u_auth FROM userauth WHERE 1=1 AND u_id = ? 
11:22:08.943 DEBUG --- [http-nio-9000-exec-9] c.l.e.m.UserMapper.readAuthorities : ==> Parameters: qqq(String) 
11:22:08.953 TRACE --- [http-nio-9000-exec-9] c.l.e.m.UserMapper.readAuthorities : <==    Columns: u_auth 
11:22:08.953 TRACE --- [http-nio-9000-exec-9] c.l.e.m.UserMapper.readAuthorities : <==        Row: ROLE_ADMIN 
11:22:08.954 TRACE --- [http-nio-9000-exec-9] c.l.e.m.UserMapper.readAuthorities : <==        Row: ROLE_ADMIN 
11:22:08.954 DEBUG --- [http-nio-9000-exec-9] c.l.e.m.UserMapper.readAuthorities : <==      Total: 2 
11:22:09.033 INFO  --- [http-nio-9000-exec-9] c.l.e.controller.AuthController : ddddUser [username=qqq, password=$2a$10$MvKTOLYd8oQqWqQ4HUQXiOQqjvhci.W6O.40oYrRyyKdiw16HUo62, name=test1, phone=x, uDateTime=null, authorities=[ROLE_ADMIN, ROLE_ADMIN], isAccountNonExpired=true, isAccountNonLocked=true, isCredentialsNonExpired=true, isEnabled=true] 
11:22:13.416 DEBUG --- [http-nio-9000-exec-1] c.l.e.mapper.UserMapper.readUser : ==>  Preparing: SELECT u_id as username, u_password as password, u_name as name, u_phone as phone, u_isAccountNonExpired as isAccountNonExpired, u_isAccountNonLocked as isAccountNonLocked, u_isCredentialNonExpired as isCredentialsNonExpired, u_isEnabled as isEnabled FROM userlist WHERE 1=1 AND u_id = ? 
11:22:13.416 DEBUG --- [http-nio-9000-exec-1] c.l.e.mapper.UserMapper.readUser : ==> Parameters: qqq(String) 
11:22:13.420 DEBUG --- [http-nio-9000-exec-3] c.l.e.mapper.UserMapper.readUser : ==>  Preparing: SELECT u_id as username, u_password as password, u_name as name, u_phone as phone, u_isAccountNonExpired as isAccountNonExpired, u_isAccountNonLocked as isAccountNonLocked, u_isCredentialNonExpired as isCredentialsNonExpired, u_isEnabled as isEnabled FROM userlist WHERE 1=1 AND u_id = ? 
11:22:13.420 DEBUG --- [http-nio-9000-exec-3] c.l.e.mapper.UserMapper.readUser : ==> Parameters: qqq(String) 
11:22:13.426 TRACE --- [http-nio-9000-exec-1] c.l.e.mapper.UserMapper.readUser : <==    Columns: username, password, name, phone, isAccountNonExpired, isAccountNonLocked, isCredentialsNonExpired, isEnabled 
11:22:13.426 TRACE --- [http-nio-9000-exec-1] c.l.e.mapper.UserMapper.readUser : <==        Row: qqq, $2a$10$MvKTOLYd8oQqWqQ4HUQXiOQqjvhci.W6O.40oYrRyyKdiw16HUo62, test1, x, 1, 1, 1, 1 
11:22:13.427 DEBUG --- [http-nio-9000-exec-1] c.l.e.mapper.UserMapper.readUser : <==      Total: 1 
11:22:13.427 DEBUG --- [http-nio-9000-exec-1] c.l.e.m.UserMapper.readAuthorities : ==>  Preparing: SELECT u_auth FROM userauth WHERE 1=1 AND u_id = ? 
11:22:13.427 DEBUG --- [http-nio-9000-exec-1] c.l.e.m.UserMapper.readAuthorities : ==> Parameters: qqq(String) 
11:22:13.427 TRACE --- [http-nio-9000-exec-3] c.l.e.mapper.UserMapper.readUser : <==    Columns: username, password, name, phone, isAccountNonExpired, isAccountNonLocked, isCredentialsNonExpired, isEnabled 
11:22:13.428 TRACE --- [http-nio-9000-exec-3] c.l.e.mapper.UserMapper.readUser : <==        Row: qqq, $2a$10$MvKTOLYd8oQqWqQ4HUQXiOQqjvhci.W6O.40oYrRyyKdiw16HUo62, test1, x, 1, 1, 1, 1 
11:22:13.428 DEBUG --- [http-nio-9000-exec-3] c.l.e.mapper.UserMapper.readUser : <==      Total: 1 
11:22:13.428 DEBUG --- [http-nio-9000-exec-3] c.l.e.m.UserMapper.readAuthorities : ==>  Preparing: SELECT u_auth FROM userauth WHERE 1=1 AND u_id = ? 
11:22:13.428 DEBUG --- [http-nio-9000-exec-3] c.l.e.m.UserMapper.readAuthorities : ==> Parameters: qqq(String) 
11:22:13.438 TRACE --- [http-nio-9000-exec-3] c.l.e.m.UserMapper.readAuthorities : <==    Columns: u_auth 
11:22:13.438 TRACE --- [http-nio-9000-exec-3] c.l.e.m.UserMapper.readAuthorities : <==        Row: ROLE_ADMIN 
11:22:13.438 TRACE --- [http-nio-9000-exec-3] c.l.e.m.UserMapper.readAuthorities : <==        Row: ROLE_ADMIN 
11:22:13.439 TRACE --- [http-nio-9000-exec-1] c.l.e.m.UserMapper.readAuthorities : <==    Columns: u_auth 
11:22:13.439 DEBUG --- [http-nio-9000-exec-3] c.l.e.m.UserMapper.readAuthorities : <==      Total: 2 
11:22:13.439 TRACE --- [http-nio-9000-exec-1] c.l.e.m.UserMapper.readAuthorities : <==        Row: ROLE_ADMIN 
11:22:13.439 TRACE --- [http-nio-9000-exec-1] c.l.e.m.UserMapper.readAuthorities : <==        Row: ROLE_ADMIN 
11:22:13.440 DEBUG --- [http-nio-9000-exec-1] c.l.e.m.UserMapper.readAuthorities : <==      Total: 2 
11:22:13.443 DEBUG --- [http-nio-9000-exec-3] c.l.e.m.P.selectProductList : ==>  Preparing: SELECT * FROM vue_product ta LEFT JOIN ( SELECT * FROM vue_heart WHERE u_id = ? ) tb ON ta.p_id = tb.p_id LEFT JOIN vue_img tc ON ta.p_name = tc.p_name LEFT JOIN userlist td ON tb.u_id = td.u_id LIMIT ?,8 
11:22:13.444 DEBUG --- [http-nio-9000-exec-1] c.l.e.m.P.selectProductList : ==>  Preparing: SELECT * FROM vue_product ta LEFT JOIN ( SELECT * FROM vue_heart WHERE u_id = ? ) tb ON ta.p_id = tb.p_id LEFT JOIN vue_img tc ON ta.p_name = tc.p_name LEFT JOIN userlist td ON tb.u_id = td.u_id LIMIT ?,8 
11:22:13.444 DEBUG --- [http-nio-9000-exec-3] c.l.e.m.P.selectProductList : ==> Parameters: qqq(String), 8(Integer) 
11:22:13.445 DEBUG --- [http-nio-9000-exec-1] c.l.e.m.P.selectProductList : ==> Parameters: qqq(String), 0(Integer) 
11:22:13.455 DEBUG --- [http-nio-9000-exec-3] c.l.e.m.P.selectProductList : <==      Total: 0 
11:22:13.456 INFO  --- [http-nio-9000-exec-3] c.l.e.controller.AuthController : [] 
11:22:13.457 DEBUG --- [http-nio-9000-exec-1] c.l.e.m.P.selectProductList : <==      Total: 0 
11:22:13.458 INFO  --- [http-nio-9000-exec-1] c.l.e.controller.AuthController : [] 
11:22:28.706 DEBUG --- [http-nio-9000-exec-5] c.l.e.mapper.UserMapper.readUser : ==>  Preparing: SELECT u_id as username, u_password as password, u_name as name, u_phone as phone, u_isAccountNonExpired as isAccountNonExpired, u_isAccountNonLocked as isAccountNonLocked, u_isCredentialNonExpired as isCredentialsNonExpired, u_isEnabled as isEnabled FROM userlist WHERE 1=1 AND u_id = ? 
11:22:28.706 DEBUG --- [http-nio-9000-exec-5] c.l.e.mapper.UserMapper.readUser : ==> Parameters: qqq(String) 
11:22:28.716 TRACE --- [http-nio-9000-exec-5] c.l.e.mapper.UserMapper.readUser : <==    Columns: username, password, name, phone, isAccountNonExpired, isAccountNonLocked, isCredentialsNonExpired, isEnabled 
11:22:28.716 TRACE --- [http-nio-9000-exec-5] c.l.e.mapper.UserMapper.readUser : <==        Row: qqq, $2a$10$MvKTOLYd8oQqWqQ4HUQXiOQqjvhci.W6O.40oYrRyyKdiw16HUo62, test1, x, 1, 1, 1, 1 
11:22:28.717 DEBUG --- [http-nio-9000-exec-5] c.l.e.mapper.UserMapper.readUser : <==      Total: 1 
11:22:28.717 DEBUG --- [http-nio-9000-exec-5] c.l.e.m.UserMapper.readAuthorities : ==>  Preparing: SELECT u_auth FROM userauth WHERE 1=1 AND u_id = ? 
11:22:28.717 DEBUG --- [http-nio-9000-exec-5] c.l.e.m.UserMapper.readAuthorities : ==> Parameters: qqq(String) 
11:22:28.728 TRACE --- [http-nio-9000-exec-5] c.l.e.m.UserMapper.readAuthorities : <==    Columns: u_auth 
11:22:28.728 TRACE --- [http-nio-9000-exec-5] c.l.e.m.UserMapper.readAuthorities : <==        Row: ROLE_ADMIN 
11:22:28.728 TRACE --- [http-nio-9000-exec-5] c.l.e.m.UserMapper.readAuthorities : <==        Row: ROLE_ADMIN 
11:22:28.728 DEBUG --- [http-nio-9000-exec-5] c.l.e.m.UserMapper.readAuthorities : <==      Total: 2 
11:22:29.000 DEBUG --- [http-nio-9000-exec-6] c.l.e.mapper.UserMapper.readUser : ==>  Preparing: SELECT u_id as username, u_password as password, u_name as name, u_phone as phone, u_isAccountNonExpired as isAccountNonExpired, u_isAccountNonLocked as isAccountNonLocked, u_isCredentialNonExpired as isCredentialsNonExpired, u_isEnabled as isEnabled FROM userlist WHERE 1=1 AND u_id = ? 
11:22:29.000 DEBUG --- [http-nio-9000-exec-6] c.l.e.mapper.UserMapper.readUser : ==> Parameters: qqq(String) 
11:22:29.011 TRACE --- [http-nio-9000-exec-6] c.l.e.mapper.UserMapper.readUser : <==    Columns: username, password, name, phone, isAccountNonExpired, isAccountNonLocked, isCredentialsNonExpired, isEnabled 
11:22:29.011 TRACE --- [http-nio-9000-exec-6] c.l.e.mapper.UserMapper.readUser : <==        Row: qqq, $2a$10$MvKTOLYd8oQqWqQ4HUQXiOQqjvhci.W6O.40oYrRyyKdiw16HUo62, test1, x, 1, 1, 1, 1 
11:22:29.011 DEBUG --- [http-nio-9000-exec-6] c.l.e.mapper.UserMapper.readUser : <==      Total: 1 
11:22:29.011 DEBUG --- [http-nio-9000-exec-6] c.l.e.m.UserMapper.readAuthorities : ==>  Preparing: SELECT u_auth FROM userauth WHERE 1=1 AND u_id = ? 
11:22:29.011 DEBUG --- [http-nio-9000-exec-6] c.l.e.m.UserMapper.readAuthorities : ==> Parameters: qqq(String) 
11:22:29.013 DEBUG --- [http-nio-9000-exec-7] c.l.e.mapper.UserMapper.readUser : ==>  Preparing: SELECT u_id as username, u_password as password, u_name as name, u_phone as phone, u_isAccountNonExpired as isAccountNonExpired, u_isAccountNonLocked as isAccountNonLocked, u_isCredentialNonExpired as isCredentialsNonExpired, u_isEnabled as isEnabled FROM userlist WHERE 1=1 AND u_id = ? 
11:22:29.014 DEBUG --- [http-nio-9000-exec-7] c.l.e.mapper.UserMapper.readUser : ==> Parameters: qqq(String) 
11:22:29.022 TRACE --- [http-nio-9000-exec-6] c.l.e.m.UserMapper.readAuthorities : <==    Columns: u_auth 
11:22:29.022 TRACE --- [http-nio-9000-exec-6] c.l.e.m.UserMapper.readAuthorities : <==        Row: ROLE_ADMIN 
11:22:29.022 TRACE --- [http-nio-9000-exec-6] c.l.e.m.UserMapper.readAuthorities : <==        Row: ROLE_ADMIN 
11:22:29.022 DEBUG --- [http-nio-9000-exec-6] c.l.e.m.UserMapper.readAuthorities : <==      Total: 2 
11:22:29.023 DEBUG --- [http-nio-9000-exec-6] c.l.e.m.P.selectProductList : ==>  Preparing: SELECT * FROM vue_product ta LEFT JOIN ( SELECT * FROM vue_heart WHERE u_id = ? ) tb ON ta.p_id = tb.p_id LEFT JOIN vue_img tc ON ta.p_name = tc.p_name LEFT JOIN userlist td ON tb.u_id = td.u_id LIMIT ?,8 
11:22:29.023 DEBUG --- [http-nio-9000-exec-6] c.l.e.m.P.selectProductList : ==> Parameters: qqq(String), 0(Integer) 
11:22:29.024 TRACE --- [http-nio-9000-exec-7] c.l.e.mapper.UserMapper.readUser : <==    Columns: username, password, name, phone, isAccountNonExpired, isAccountNonLocked, isCredentialsNonExpired, isEnabled 
11:22:29.024 TRACE --- [http-nio-9000-exec-7] c.l.e.mapper.UserMapper.readUser : <==        Row: qqq, $2a$10$MvKTOLYd8oQqWqQ4HUQXiOQqjvhci.W6O.40oYrRyyKdiw16HUo62, test1, x, 1, 1, 1, 1 
11:22:29.024 DEBUG --- [http-nio-9000-exec-7] c.l.e.mapper.UserMapper.readUser : <==      Total: 1 
11:22:29.025 DEBUG --- [http-nio-9000-exec-7] c.l.e.m.UserMapper.readAuthorities : ==>  Preparing: SELECT u_auth FROM userauth WHERE 1=1 AND u_id = ? 
11:22:29.025 DEBUG --- [http-nio-9000-exec-7] c.l.e.m.UserMapper.readAuthorities : ==> Parameters: qqq(String) 
11:22:29.033 TRACE --- [http-nio-9000-exec-7] c.l.e.m.UserMapper.readAuthorities : <==    Columns: u_auth 
11:22:29.033 TRACE --- [http-nio-9000-exec-7] c.l.e.m.UserMapper.readAuthorities : <==        Row: ROLE_ADMIN 
11:22:29.033 TRACE --- [http-nio-9000-exec-7] c.l.e.m.UserMapper.readAuthorities : <==        Row: ROLE_ADMIN 
11:22:29.033 DEBUG --- [http-nio-9000-exec-7] c.l.e.m.UserMapper.readAuthorities : <==      Total: 2 
11:22:29.033 DEBUG --- [http-nio-9000-exec-6] c.l.e.m.P.selectProductList : <==      Total: 0 
11:22:29.034 INFO  --- [http-nio-9000-exec-6] c.l.e.controller.AuthController : [] 
11:22:29.034 DEBUG --- [http-nio-9000-exec-7] c.l.e.m.P.selectProductList : ==>  Preparing: SELECT * FROM vue_product ta LEFT JOIN ( SELECT * FROM vue_heart WHERE u_id = ? ) tb ON ta.p_id = tb.p_id LEFT JOIN vue_img tc ON ta.p_name = tc.p_name LEFT JOIN userlist td ON tb.u_id = td.u_id LIMIT ?,8 
11:22:29.035 DEBUG --- [http-nio-9000-exec-7] c.l.e.m.P.selectProductList : ==> Parameters: qqq(String), 8(Integer) 
11:22:29.043 DEBUG --- [http-nio-9000-exec-7] c.l.e.m.P.selectProductList : <==      Total: 0 
11:22:29.043 INFO  --- [http-nio-9000-exec-7] c.l.e.controller.AuthController : [] 
11:22:58.081 INFO  --- [restartedMain] c.l.example.LcomTestApplication : Starting LcomTestApplication on DESKTOP-CD0KHBQ with PID 16904 (C:\Users\l9-morning\Documents\lcom_test\bin\main started by l9-morning in C:\Users\l9-morning\Documents\lcom_test) 
11:22:58.083 DEBUG --- [restartedMain] c.l.example.LcomTestApplication : Running with Spring Boot v2.3.4.RELEASE, Spring v5.2.9.RELEASE 
11:22:58.083 INFO  --- [restartedMain] c.l.example.LcomTestApplication : The following profiles are active: local 
11:22:59.225 DEBUG --- [restartedMain] c.l.example.config.AuthTokenFilter : Filter 'authenticationJwtTokenFilter' configured for use 
11:22:59.622 INFO  --- [restartedMain] c.l.example.LcomTestApplication : Started LcomTestApplication in 1.857 seconds (JVM running for 2.404) 
11:23:16.936 DEBUG --- [http-nio-9000-exec-1] c.l.e.mapper.UserMapper.readUser : ==>  Preparing: SELECT u_id as username, u_password as password, u_name as name, u_phone as phone, u_isAccountNonExpired as isAccountNonExpired, u_isAccountNonLocked as isAccountNonLocked, u_isCredentialNonExpired as isCredentialsNonExpired, u_isEnabled as isEnabled FROM userlist WHERE 1=1 AND u_id = ? 
11:23:16.956 DEBUG --- [http-nio-9000-exec-1] c.l.e.mapper.UserMapper.readUser : ==> Parameters: qqq(String) 
11:23:16.980 TRACE --- [http-nio-9000-exec-1] c.l.e.mapper.UserMapper.readUser : <==    Columns: username, password, name, phone, isAccountNonExpired, isAccountNonLocked, isCredentialsNonExpired, isEnabled 
11:23:16.980 TRACE --- [http-nio-9000-exec-1] c.l.e.mapper.UserMapper.readUser : <==        Row: qqq, $2a$10$MvKTOLYd8oQqWqQ4HUQXiOQqjvhci.W6O.40oYrRyyKdiw16HUo62, test1, x, 1, 1, 1, 1 
11:23:16.982 DEBUG --- [http-nio-9000-exec-1] c.l.e.mapper.UserMapper.readUser : <==      Total: 1 
11:23:16.985 DEBUG --- [http-nio-9000-exec-1] c.l.e.m.UserMapper.readAuthorities : ==>  Preparing: SELECT u_auth FROM userauth WHERE 1=1 AND u_id = ? 
11:23:16.985 DEBUG --- [http-nio-9000-exec-1] c.l.e.m.UserMapper.readAuthorities : ==> Parameters: qqq(String) 
11:23:16.994 TRACE --- [http-nio-9000-exec-1] c.l.e.m.UserMapper.readAuthorities : <==    Columns: u_auth 
11:23:16.994 TRACE --- [http-nio-9000-exec-1] c.l.e.m.UserMapper.readAuthorities : <==        Row: ROLE_ADMIN 
11:23:16.995 TRACE --- [http-nio-9000-exec-1] c.l.e.m.UserMapper.readAuthorities : <==        Row: ROLE_ADMIN 
11:23:16.995 DEBUG --- [http-nio-9000-exec-1] c.l.e.m.UserMapper.readAuthorities : <==      Total: 2 
11:23:17.276 DEBUG --- [http-nio-9000-exec-1] c.l.e.m.ProductMapper.insertProduct : ==>  Preparing: INSERT INTO vue_product( p_name, p_price, p_from, p_brand, p_quantity )VALUES( ?, ?, ?, ?, ? ) 
11:23:17.276 DEBUG --- [http-nio-9000-exec-1] c.l.e.m.ProductMapper.insertProduct : ==> Parameters: Test 1(String), 30000(Integer), Test(String), Test (String), 50(Integer) 
11:23:17.285 DEBUG --- [http-nio-9000-exec-1] c.l.e.m.ProductMapper.insertProduct : <==    Updates: 1 
11:23:17.286 DEBUG --- [http-nio-9000-exec-1] c.l.e.m.ProductMapper.insertImage : ==>  Preparing: INSERT INTO vue_img( p_name, i_name )VALUES( ?, ? ) 
11:23:17.286 DEBUG --- [http-nio-9000-exec-1] c.l.e.m.ProductMapper.insertImage : ==> Parameters: Test 1(String), 202108201123171.PNG(String) 
11:23:17.295 DEBUG --- [http-nio-9000-exec-1] c.l.e.m.ProductMapper.insertImage : <==    Updates: 1 
11:23:17.376 DEBUG --- [http-nio-9000-exec-1] c.l.e.m.ProductMapper.insertImage : ==>  Preparing: INSERT INTO vue_img( p_name, i_name )VALUES( ?, ? ) 
11:23:17.376 DEBUG --- [http-nio-9000-exec-1] c.l.e.m.ProductMapper.insertImage : ==> Parameters: Test 1(String), 202108201123172.PNG(String) 
11:23:17.387 DEBUG --- [http-nio-9000-exec-1] c.l.e.m.ProductMapper.insertImage : <==    Updates: 1 
11:23:17.423 DEBUG --- [http-nio-9000-exec-2] c.l.e.mapper.UserMapper.readUser : ==>  Preparing: SELECT u_id as username, u_password as password, u_name as name, u_phone as phone, u_isAccountNonExpired as isAccountNonExpired, u_isAccountNonLocked as isAccountNonLocked, u_isCredentialNonExpired as isCredentialsNonExpired, u_isEnabled as isEnabled FROM userlist WHERE 1=1 AND u_id = ? 
11:23:17.424 DEBUG --- [http-nio-9000-exec-2] c.l.e.mapper.UserMapper.readUser : ==> Parameters: qqq(String) 
11:23:17.433 TRACE --- [http-nio-9000-exec-2] c.l.e.mapper.UserMapper.readUser : <==    Columns: username, password, name, phone, isAccountNonExpired, isAccountNonLocked, isCredentialsNonExpired, isEnabled 
11:23:17.433 TRACE --- [http-nio-9000-exec-2] c.l.e.mapper.UserMapper.readUser : <==        Row: qqq, $2a$10$MvKTOLYd8oQqWqQ4HUQXiOQqjvhci.W6O.40oYrRyyKdiw16HUo62, test1, x, 1, 1, 1, 1 
11:23:17.434 DEBUG --- [http-nio-9000-exec-2] c.l.e.mapper.UserMapper.readUser : <==      Total: 1 
11:23:17.434 DEBUG --- [http-nio-9000-exec-2] c.l.e.m.UserMapper.readAuthorities : ==>  Preparing: SELECT u_auth FROM userauth WHERE 1=1 AND u_id = ? 
11:23:17.434 DEBUG --- [http-nio-9000-exec-2] c.l.e.m.UserMapper.readAuthorities : ==> Parameters: qqq(String) 
11:23:17.436 DEBUG --- [http-nio-9000-exec-3] c.l.e.mapper.UserMapper.readUser : ==>  Preparing: SELECT u_id as username, u_password as password, u_name as name, u_phone as phone, u_isAccountNonExpired as isAccountNonExpired, u_isAccountNonLocked as isAccountNonLocked, u_isCredentialNonExpired as isCredentialsNonExpired, u_isEnabled as isEnabled FROM userlist WHERE 1=1 AND u_id = ? 
11:23:17.437 DEBUG --- [http-nio-9000-exec-3] c.l.e.mapper.UserMapper.readUser : ==> Parameters: qqq(String) 
11:23:17.442 TRACE --- [http-nio-9000-exec-2] c.l.e.m.UserMapper.readAuthorities : <==    Columns: u_auth 
11:23:17.443 TRACE --- [http-nio-9000-exec-2] c.l.e.m.UserMapper.readAuthorities : <==        Row: ROLE_ADMIN 
11:23:17.443 TRACE --- [http-nio-9000-exec-2] c.l.e.m.UserMapper.readAuthorities : <==        Row: ROLE_ADMIN 
11:23:17.443 DEBUG --- [http-nio-9000-exec-2] c.l.e.m.UserMapper.readAuthorities : <==      Total: 2 
11:23:17.444 TRACE --- [http-nio-9000-exec-3] c.l.e.mapper.UserMapper.readUser : <==    Columns: username, password, name, phone, isAccountNonExpired, isAccountNonLocked, isCredentialsNonExpired, isEnabled 
11:23:17.445 TRACE --- [http-nio-9000-exec-3] c.l.e.mapper.UserMapper.readUser : <==        Row: qqq, $2a$10$MvKTOLYd8oQqWqQ4HUQXiOQqjvhci.W6O.40oYrRyyKdiw16HUo62, test1, x, 1, 1, 1, 1 
11:23:17.445 DEBUG --- [http-nio-9000-exec-3] c.l.e.mapper.UserMapper.readUser : <==      Total: 1 
11:23:17.445 DEBUG --- [http-nio-9000-exec-3] c.l.e.m.UserMapper.readAuthorities : ==>  Preparing: SELECT u_auth FROM userauth WHERE 1=1 AND u_id = ? 
11:23:17.445 DEBUG --- [http-nio-9000-exec-3] c.l.e.m.UserMapper.readAuthorities : ==> Parameters: qqq(String) 
11:23:17.448 DEBUG --- [http-nio-9000-exec-2] c.l.e.m.P.selectProductList : ==>  Preparing: SELECT * FROM vue_product ta LEFT JOIN ( SELECT * FROM vue_heart WHERE u_id = ? ) tb ON ta.p_id = tb.p_id LEFT JOIN vue_img tc ON ta.p_name = tc.p_name LEFT JOIN userlist td ON tb.u_id = td.u_id LIMIT ?,8 
11:23:17.448 DEBUG --- [http-nio-9000-exec-2] c.l.e.m.P.selectProductList : ==> Parameters: qqq(String), 0(Integer) 
11:23:17.453 TRACE --- [http-nio-9000-exec-3] c.l.e.m.UserMapper.readAuthorities : <==    Columns: u_auth 
11:23:17.453 TRACE --- [http-nio-9000-exec-3] c.l.e.m.UserMapper.readAuthorities : <==        Row: ROLE_ADMIN 
11:23:17.453 TRACE --- [http-nio-9000-exec-3] c.l.e.m.UserMapper.readAuthorities : <==        Row: ROLE_ADMIN 
11:23:17.453 DEBUG --- [http-nio-9000-exec-3] c.l.e.m.UserMapper.readAuthorities : <==      Total: 2 
11:23:17.454 DEBUG --- [http-nio-9000-exec-3] c.l.e.m.P.selectProductList : ==>  Preparing: SELECT * FROM vue_product ta LEFT JOIN ( SELECT * FROM vue_heart WHERE u_id = ? ) tb ON ta.p_id = tb.p_id LEFT JOIN vue_img tc ON ta.p_name = tc.p_name LEFT JOIN userlist td ON tb.u_id = td.u_id LIMIT ?,8 
11:23:17.455 DEBUG --- [http-nio-9000-exec-3] c.l.e.m.P.selectProductList : ==> Parameters: qqq(String), 8(Integer) 
11:23:17.459 TRACE --- [http-nio-9000-exec-2] c.l.e.m.P.selectProductList : <==    Columns: p_id, p_name, p_date, p_price, p_from, p_brand, p_like, p_quantity, h_id, p_id, u_id, i_id, i_name, p_name, u_id, u_password, u_name, u_phone, u_datetime, u_isAccountNonExpired, u_isAccountNonLocked, u_isCredentialNonExpired, u_isEnabled 
11:23:17.460 TRACE --- [http-nio-9000-exec-2] c.l.e.m.P.selectProductList : <==        Row: 199, Test 1, 2021-08-20 02:23:17, 30000, Test, Test , 0, 50, null, null, null, 202, 202108201123171.PNG, Test 1, null, null, null, null, null, null, null, null, null 
11:23:17.462 TRACE --- [http-nio-9000-exec-2] c.l.e.m.P.selectProductList : <==        Row: 199, Test 1, 2021-08-20 02:23:17, 30000, Test, Test , 0, 50, null, null, null, 203, 202108201123172.PNG, Test 1, null, null, null, null, null, null, null, null, null 
11:23:17.463 DEBUG --- [http-nio-9000-exec-2] c.l.e.m.P.selectProductList : <==      Total: 2 
11:23:17.463 DEBUG --- [http-nio-9000-exec-3] c.l.e.m.P.selectProductList : <==      Total: 0 
11:23:17.463 INFO  --- [http-nio-9000-exec-2] c.l.e.controller.AuthController : [com.lcom_test.example.domain.Product@bfa669c] 
11:23:17.463 INFO  --- [http-nio-9000-exec-3] c.l.e.controller.AuthController : [] 
11:23:20.022 DEBUG --- [http-nio-9000-exec-5] c.l.e.mapper.UserMapper.readUser : ==>  Preparing: SELECT u_id as username, u_password as password, u_name as name, u_phone as phone, u_isAccountNonExpired as isAccountNonExpired, u_isAccountNonLocked as isAccountNonLocked, u_isCredentialNonExpired as isCredentialsNonExpired, u_isEnabled as isEnabled FROM userlist WHERE 1=1 AND u_id = ? 
11:23:20.022 DEBUG --- [http-nio-9000-exec-5] c.l.e.mapper.UserMapper.readUser : ==> Parameters: qqq(String) 
11:23:20.031 TRACE --- [http-nio-9000-exec-5] c.l.e.mapper.UserMapper.readUser : <==    Columns: username, password, name, phone, isAccountNonExpired, isAccountNonLocked, isCredentialsNonExpired, isEnabled 
11:23:20.031 TRACE --- [http-nio-9000-exec-5] c.l.e.mapper.UserMapper.readUser : <==        Row: qqq, $2a$10$MvKTOLYd8oQqWqQ4HUQXiOQqjvhci.W6O.40oYrRyyKdiw16HUo62, test1, x, 1, 1, 1, 1 
11:23:20.031 DEBUG --- [http-nio-9000-exec-5] c.l.e.mapper.UserMapper.readUser : <==      Total: 1 
11:23:20.032 DEBUG --- [http-nio-9000-exec-5] c.l.e.m.UserMapper.readAuthorities : ==>  Preparing: SELECT u_auth FROM userauth WHERE 1=1 AND u_id = ? 
11:23:20.032 DEBUG --- [http-nio-9000-exec-5] c.l.e.m.UserMapper.readAuthorities : ==> Parameters: qqq(String) 
11:23:20.040 TRACE --- [http-nio-9000-exec-5] c.l.e.m.UserMapper.readAuthorities : <==    Columns: u_auth 
11:23:20.040 TRACE --- [http-nio-9000-exec-5] c.l.e.m.UserMapper.readAuthorities : <==        Row: ROLE_ADMIN 
11:23:20.040 TRACE --- [http-nio-9000-exec-5] c.l.e.m.UserMapper.readAuthorities : <==        Row: ROLE_ADMIN 
11:23:20.040 DEBUG --- [http-nio-9000-exec-5] c.l.e.m.UserMapper.readAuthorities : <==      Total: 2 
11:23:20.041 DEBUG --- [http-nio-9000-exec-5] c.l.e.controller.AuthController : pName:Test 1 
11:23:20.041 DEBUG --- [http-nio-9000-exec-5] c.l.e.m.ProductMapper.getProduct : ==>  Preparing: SELECT * FROM vue_product ta LEFT JOIN vue_img tb ON ta.p_name = tb.p_name WHERE ta.p_name = ? 
11:23:20.041 DEBUG --- [http-nio-9000-exec-5] c.l.e.m.ProductMapper.getProduct : ==> Parameters: Test 1(String) 
11:23:20.051 TRACE --- [http-nio-9000-exec-5] c.l.e.m.ProductMapper.getProduct : <==    Columns: p_id, p_name, p_date, p_price, p_from, p_brand, p_like, p_quantity, i_id, i_name, p_name 
11:23:20.051 TRACE --- [http-nio-9000-exec-5] c.l.e.m.ProductMapper.getProduct : <==        Row: 199, Test 1, 2021-08-20 02:23:17, 30000, Test, Test , 0, 50, 202, 202108201123171.PNG, Test 1 
11:23:20.052 TRACE --- [http-nio-9000-exec-5] c.l.e.m.ProductMapper.getProduct : <==        Row: 199, Test 1, 2021-08-20 02:23:17, 30000, Test, Test , 0, 50, 203, 202108201123172.PNG, Test 1 
11:23:20.053 DEBUG --- [http-nio-9000-exec-5] c.l.e.m.ProductMapper.getProduct : <==      Total: 2 
11:23:22.740 DEBUG --- [http-nio-9000-exec-6] c.l.e.mapper.UserMapper.readUser : ==>  Preparing: SELECT u_id as username, u_password as password, u_name as name, u_phone as phone, u_isAccountNonExpired as isAccountNonExpired, u_isAccountNonLocked as isAccountNonLocked, u_isCredentialNonExpired as isCredentialsNonExpired, u_isEnabled as isEnabled FROM userlist WHERE 1=1 AND u_id = ? 
11:23:22.740 DEBUG --- [http-nio-9000-exec-6] c.l.e.mapper.UserMapper.readUser : ==> Parameters: qqq(String) 
11:23:22.742 DEBUG --- [http-nio-9000-exec-7] c.l.e.mapper.UserMapper.readUser : ==>  Preparing: SELECT u_id as username, u_password as password, u_name as name, u_phone as phone, u_isAccountNonExpired as isAccountNonExpired, u_isAccountNonLocked as isAccountNonLocked, u_isCredentialNonExpired as isCredentialsNonExpired, u_isEnabled as isEnabled FROM userlist WHERE 1=1 AND u_id = ? 
11:23:22.742 DEBUG --- [http-nio-9000-exec-7] c.l.e.mapper.UserMapper.readUser : ==> Parameters: qqq(String) 
11:23:22.749 TRACE --- [http-nio-9000-exec-6] c.l.e.mapper.UserMapper.readUser : <==    Columns: username, password, name, phone, isAccountNonExpired, isAccountNonLocked, isCredentialsNonExpired, isEnabled 
11:23:22.749 TRACE --- [http-nio-9000-exec-6] c.l.e.mapper.UserMapper.readUser : <==        Row: qqq, $2a$10$MvKTOLYd8oQqWqQ4HUQXiOQqjvhci.W6O.40oYrRyyKdiw16HUo62, test1, x, 1, 1, 1, 1 
11:23:22.749 DEBUG --- [http-nio-9000-exec-6] c.l.e.mapper.UserMapper.readUser : <==      Total: 1 
11:23:22.750 DEBUG --- [http-nio-9000-exec-6] c.l.e.m.UserMapper.readAuthorities : ==>  Preparing: SELECT u_auth FROM userauth WHERE 1=1 AND u_id = ? 
11:23:22.750 DEBUG --- [http-nio-9000-exec-6] c.l.e.m.UserMapper.readAuthorities : ==> Parameters: qqq(String) 
11:23:22.751 TRACE --- [http-nio-9000-exec-7] c.l.e.mapper.UserMapper.readUser : <==    Columns: username, password, name, phone, isAccountNonExpired, isAccountNonLocked, isCredentialsNonExpired, isEnabled 
11:23:22.751 TRACE --- [http-nio-9000-exec-7] c.l.e.mapper.UserMapper.readUser : <==        Row: qqq, $2a$10$MvKTOLYd8oQqWqQ4HUQXiOQqjvhci.W6O.40oYrRyyKdiw16HUo62, test1, x, 1, 1, 1, 1 
11:23:22.751 DEBUG --- [http-nio-9000-exec-7] c.l.e.mapper.UserMapper.readUser : <==      Total: 1 
11:23:22.752 DEBUG --- [http-nio-9000-exec-7] c.l.e.m.UserMapper.readAuthorities : ==>  Preparing: SELECT u_auth FROM userauth WHERE 1=1 AND u_id = ? 
11:23:22.752 DEBUG --- [http-nio-9000-exec-7] c.l.e.m.UserMapper.readAuthorities : ==> Parameters: qqq(String) 
11:23:22.759 TRACE --- [http-nio-9000-exec-6] c.l.e.m.UserMapper.readAuthorities : <==    Columns: u_auth 
11:23:22.759 TRACE --- [http-nio-9000-exec-6] c.l.e.m.UserMapper.readAuthorities : <==        Row: ROLE_ADMIN 
11:23:22.759 TRACE --- [http-nio-9000-exec-6] c.l.e.m.UserMapper.readAuthorities : <==        Row: ROLE_ADMIN 
11:23:22.759 DEBUG --- [http-nio-9000-exec-6] c.l.e.m.UserMapper.readAuthorities : <==      Total: 2 
11:23:22.760 DEBUG --- [http-nio-9000-exec-6] c.l.e.m.P.selectProductList : ==>  Preparing: SELECT * FROM vue_product ta LEFT JOIN ( SELECT * FROM vue_heart WHERE u_id = ? ) tb ON ta.p_id = tb.p_id LEFT JOIN vue_img tc ON ta.p_name = tc.p_name LEFT JOIN userlist td ON tb.u_id = td.u_id LIMIT ?,8 
11:23:22.760 DEBUG --- [http-nio-9000-exec-6] c.l.e.m.P.selectProductList : ==> Parameters: qqq(String), 0(Integer) 
11:23:22.760 TRACE --- [http-nio-9000-exec-7] c.l.e.m.UserMapper.readAuthorities : <==    Columns: u_auth 
11:23:22.760 TRACE --- [http-nio-9000-exec-7] c.l.e.m.UserMapper.readAuthorities : <==        Row: ROLE_ADMIN 
11:23:22.761 TRACE --- [http-nio-9000-exec-7] c.l.e.m.UserMapper.readAuthorities : <==        Row: ROLE_ADMIN 
11:23:22.761 DEBUG --- [http-nio-9000-exec-7] c.l.e.m.UserMapper.readAuthorities : <==      Total: 2 
11:23:22.762 DEBUG --- [http-nio-9000-exec-7] c.l.e.m.P.selectProductList : ==>  Preparing: SELECT * FROM vue_product ta LEFT JOIN ( SELECT * FROM vue_heart WHERE u_id = ? ) tb ON ta.p_id = tb.p_id LEFT JOIN vue_img tc ON ta.p_name = tc.p_name LEFT JOIN userlist td ON tb.u_id = td.u_id LIMIT ?,8 
11:23:22.762 DEBUG --- [http-nio-9000-exec-7] c.l.e.m.P.selectProductList : ==> Parameters: qqq(String), 8(Integer) 
11:23:22.769 TRACE --- [http-nio-9000-exec-6] c.l.e.m.P.selectProductList : <==    Columns: p_id, p_name, p_date, p_price, p_from, p_brand, p_like, p_quantity, h_id, p_id, u_id, i_id, i_name, p_name, u_id, u_password, u_name, u_phone, u_datetime, u_isAccountNonExpired, u_isAccountNonLocked, u_isCredentialNonExpired, u_isEnabled 
11:23:22.770 TRACE --- [http-nio-9000-exec-6] c.l.e.m.P.selectProductList : <==        Row: 199, Test 1, 2021-08-20 02:23:17, 30000, Test, Test , 0, 50, null, null, null, 202, 202108201123171.PNG, Test 1, null, null, null, null, null, null, null, null, null 
11:23:22.770 DEBUG --- [http-nio-9000-exec-7] c.l.e.m.P.selectProductList : <==      Total: 0 
11:23:22.771 INFO  --- [http-nio-9000-exec-7] c.l.e.controller.AuthController : [] 
11:23:22.771 TRACE --- [http-nio-9000-exec-6] c.l.e.m.P.selectProductList : <==        Row: 199, Test 1, 2021-08-20 02:23:17, 30000, Test, Test , 0, 50, null, null, null, 203, 202108201123172.PNG, Test 1, null, null, null, null, null, null, null, null, null 
11:23:22.771 DEBUG --- [http-nio-9000-exec-6] c.l.e.m.P.selectProductList : <==      Total: 2 
11:23:22.772 INFO  --- [http-nio-9000-exec-6] c.l.e.controller.AuthController : [com.lcom_test.example.domain.Product@2a15bac1] 
11:23:24.079 DEBUG --- [http-nio-9000-exec-9] c.l.e.mapper.UserMapper.readUser : ==>  Preparing: SELECT u_id as username, u_password as password, u_name as name, u_phone as phone, u_isAccountNonExpired as isAccountNonExpired, u_isAccountNonLocked as isAccountNonLocked, u_isCredentialNonExpired as isCredentialsNonExpired, u_isEnabled as isEnabled FROM userlist WHERE 1=1 AND u_id = ? 
11:23:24.080 DEBUG --- [http-nio-9000-exec-9] c.l.e.mapper.UserMapper.readUser : ==> Parameters: qqq(String) 
11:23:24.088 TRACE --- [http-nio-9000-exec-9] c.l.e.mapper.UserMapper.readUser : <==    Columns: username, password, name, phone, isAccountNonExpired, isAccountNonLocked, isCredentialsNonExpired, isEnabled 
11:23:24.088 TRACE --- [http-nio-9000-exec-9] c.l.e.mapper.UserMapper.readUser : <==        Row: qqq, $2a$10$MvKTOLYd8oQqWqQ4HUQXiOQqjvhci.W6O.40oYrRyyKdiw16HUo62, test1, x, 1, 1, 1, 1 
11:23:24.088 DEBUG --- [http-nio-9000-exec-9] c.l.e.mapper.UserMapper.readUser : <==      Total: 1 
11:23:24.089 DEBUG --- [http-nio-9000-exec-9] c.l.e.m.UserMapper.readAuthorities : ==>  Preparing: SELECT u_auth FROM userauth WHERE 1=1 AND u_id = ? 
11:23:24.089 DEBUG --- [http-nio-9000-exec-9] c.l.e.m.UserMapper.readAuthorities : ==> Parameters: qqq(String) 
11:23:24.097 TRACE --- [http-nio-9000-exec-9] c.l.e.m.UserMapper.readAuthorities : <==    Columns: u_auth 
11:23:24.097 TRACE --- [http-nio-9000-exec-9] c.l.e.m.UserMapper.readAuthorities : <==        Row: ROLE_ADMIN 
11:23:24.098 TRACE --- [http-nio-9000-exec-9] c.l.e.m.UserMapper.readAuthorities : <==        Row: ROLE_ADMIN 
11:23:24.098 DEBUG --- [http-nio-9000-exec-9] c.l.e.m.UserMapper.readAuthorities : <==      Total: 2 
11:23:24.101 DEBUG --- [http-nio-9000-exec-9] c.l.e.m.BoardMapper.getBoardCount : ==>  Preparing: SELECT COUNT(*) as count FROM vue_board 
11:23:24.101 DEBUG --- [http-nio-9000-exec-9] c.l.e.m.BoardMapper.getBoardCount : ==> Parameters:  
11:23:24.109 TRACE --- [http-nio-9000-exec-9] c.l.e.m.BoardMapper.getBoardCount : <==    Columns: count 
11:23:24.110 TRACE --- [http-nio-9000-exec-9] c.l.e.m.BoardMapper.getBoardCount : <==        Row: 1 
11:23:24.110 DEBUG --- [http-nio-9000-exec-9] c.l.e.m.BoardMapper.getBoardCount : <==      Total: 1 
11:23:24.111 INFO  --- [http-nio-9000-exec-9] c.l.e.controller.AuthController : com.lcom_test.example.domain.Board@19fda970 
11:23:24.111 DEBUG --- [http-nio-9000-exec-9] c.l.e.m.BoardMapper.selectBoardList : ==>  Preparing: SELECT b_id as bId, b_writer as bWriter, b_title as bTitle, b_content as bContent, b_datetime as bDateTime, b_views as bViews, b_group as bGroup, b_order as bOrder, b_depth as bDepth, u_id as username FROM vue_board ORDER BY b_group DESC, b_order ASC LIMIT ?,? 
11:23:24.111 DEBUG --- [http-nio-9000-exec-9] c.l.e.m.BoardMapper.selectBoardList : ==> Parameters: 0(Integer), 10(Integer) 
11:23:24.120 TRACE --- [http-nio-9000-exec-9] c.l.e.m.BoardMapper.selectBoardList : <==    Columns: bId, bWriter, bTitle, bContent, bDateTime, bViews, bGroup, bOrder, bDepth, username 
11:23:24.120 TRACE --- [http-nio-9000-exec-9] c.l.e.m.BoardMapper.selectBoardList : <==        Row: 121, null, 테스트, 안녕하세요, 2021-08-20 01:28:54, 2, 121, 0, 0, qqq 
11:23:24.121 DEBUG --- [http-nio-9000-exec-9] c.l.e.m.BoardMapper.selectBoardList : <==      Total: 1 
11:23:24.121 INFO  --- [http-nio-9000-exec-9] c.l.e.controller.AuthController : [com.lcom_test.example.domain.Board@5421052f] 
11:23:37.528 DEBUG --- [http-nio-9000-exec-10] c.l.e.mapper.UserMapper.readUser : ==>  Preparing: SELECT u_id as username, u_password as password, u_name as name, u_phone as phone, u_isAccountNonExpired as isAccountNonExpired, u_isAccountNonLocked as isAccountNonLocked, u_isCredentialNonExpired as isCredentialsNonExpired, u_isEnabled as isEnabled FROM userlist WHERE 1=1 AND u_id = ? 
11:23:37.528 DEBUG --- [http-nio-9000-exec-10] c.l.e.mapper.UserMapper.readUser : ==> Parameters: qqq(String) 
11:23:37.530 DEBUG --- [http-nio-9000-exec-1] c.l.e.mapper.UserMapper.readUser : ==>  Preparing: SELECT u_id as username, u_password as password, u_name as name, u_phone as phone, u_isAccountNonExpired as isAccountNonExpired, u_isAccountNonLocked as isAccountNonLocked, u_isCredentialNonExpired as isCredentialsNonExpired, u_isEnabled as isEnabled FROM userlist WHERE 1=1 AND u_id = ? 
11:23:37.531 DEBUG --- [http-nio-9000-exec-1] c.l.e.mapper.UserMapper.readUser : ==> Parameters: qqq(String) 
11:23:37.536 TRACE --- [http-nio-9000-exec-10] c.l.e.mapper.UserMapper.readUser : <==    Columns: username, password, name, phone, isAccountNonExpired, isAccountNonLocked, isCredentialsNonExpired, isEnabled 
11:23:37.536 TRACE --- [http-nio-9000-exec-10] c.l.e.mapper.UserMapper.readUser : <==        Row: qqq, $2a$10$MvKTOLYd8oQqWqQ4HUQXiOQqjvhci.W6O.40oYrRyyKdiw16HUo62, test1, x, 1, 1, 1, 1 
11:23:37.536 DEBUG --- [http-nio-9000-exec-10] c.l.e.mapper.UserMapper.readUser : <==      Total: 1 
11:23:37.536 DEBUG --- [http-nio-9000-exec-10] c.l.e.m.UserMapper.readAuthorities : ==>  Preparing: SELECT u_auth FROM userauth WHERE 1=1 AND u_id = ? 
11:23:37.537 DEBUG --- [http-nio-9000-exec-10] c.l.e.m.UserMapper.readAuthorities : ==> Parameters: qqq(String) 
11:23:37.539 TRACE --- [http-nio-9000-exec-1] c.l.e.mapper.UserMapper.readUser : <==    Columns: username, password, name, phone, isAccountNonExpired, isAccountNonLocked, isCredentialsNonExpired, isEnabled 
11:23:37.539 TRACE --- [http-nio-9000-exec-1] c.l.e.mapper.UserMapper.readUser : <==        Row: qqq, $2a$10$MvKTOLYd8oQqWqQ4HUQXiOQqjvhci.W6O.40oYrRyyKdiw16HUo62, test1, x, 1, 1, 1, 1 
11:23:37.539 DEBUG --- [http-nio-9000-exec-1] c.l.e.mapper.UserMapper.readUser : <==      Total: 1 
11:23:37.539 DEBUG --- [http-nio-9000-exec-1] c.l.e.m.UserMapper.readAuthorities : ==>  Preparing: SELECT u_auth FROM userauth WHERE 1=1 AND u_id = ? 
11:23:37.539 DEBUG --- [http-nio-9000-exec-1] c.l.e.m.UserMapper.readAuthorities : ==> Parameters: qqq(String) 
11:23:37.544 TRACE --- [http-nio-9000-exec-10] c.l.e.m.UserMapper.readAuthorities : <==    Columns: u_auth 
11:23:37.544 TRACE --- [http-nio-9000-exec-10] c.l.e.m.UserMapper.readAuthorities : <==        Row: ROLE_ADMIN 
11:23:37.544 TRACE --- [http-nio-9000-exec-10] c.l.e.m.UserMapper.readAuthorities : <==        Row: ROLE_ADMIN 
11:23:37.544 DEBUG --- [http-nio-9000-exec-10] c.l.e.m.UserMapper.readAuthorities : <==      Total: 2 
11:23:37.545 DEBUG --- [http-nio-9000-exec-10] c.l.e.m.P.selectProductList : ==>  Preparing: SELECT * FROM vue_product ta LEFT JOIN ( SELECT * FROM vue_heart WHERE u_id = ? ) tb ON ta.p_id = tb.p_id LEFT JOIN vue_img tc ON ta.p_name = tc.p_name LEFT JOIN userlist td ON tb.u_id = td.u_id LIMIT ?,8 
11:23:37.545 DEBUG --- [http-nio-9000-exec-10] c.l.e.m.P.selectProductList : ==> Parameters: qqq(String), 0(Integer) 
11:23:37.547 TRACE --- [http-nio-9000-exec-1] c.l.e.m.UserMapper.readAuthorities : <==    Columns: u_auth 
11:23:37.547 TRACE --- [http-nio-9000-exec-1] c.l.e.m.UserMapper.readAuthorities : <==        Row: ROLE_ADMIN 
11:23:37.547 TRACE --- [http-nio-9000-exec-1] c.l.e.m.UserMapper.readAuthorities : <==        Row: ROLE_ADMIN 
11:23:37.547 DEBUG --- [http-nio-9000-exec-1] c.l.e.m.UserMapper.readAuthorities : <==      Total: 2 
11:23:37.548 DEBUG --- [http-nio-9000-exec-1] c.l.e.m.P.selectProductList : ==>  Preparing: SELECT * FROM vue_product ta LEFT JOIN ( SELECT * FROM vue_heart WHERE u_id = ? ) tb ON ta.p_id = tb.p_id LEFT JOIN vue_img tc ON ta.p_name = tc.p_name LEFT JOIN userlist td ON tb.u_id = td.u_id LIMIT ?,8 
11:23:37.549 DEBUG --- [http-nio-9000-exec-1] c.l.e.m.P.selectProductList : ==> Parameters: qqq(String), 8(Integer) 
11:23:37.554 TRACE --- [http-nio-9000-exec-10] c.l.e.m.P.selectProductList : <==    Columns: p_id, p_name, p_date, p_price, p_from, p_brand, p_like, p_quantity, h_id, p_id, u_id, i_id, i_name, p_name, u_id, u_password, u_name, u_phone, u_datetime, u_isAccountNonExpired, u_isAccountNonLocked, u_isCredentialNonExpired, u_isEnabled 
11:23:37.554 TRACE --- [http-nio-9000-exec-10] c.l.e.m.P.selectProductList : <==        Row: 199, Test 1, 2021-08-20 02:23:17, 30000, Test, Test , 0, 50, null, null, null, 202, 202108201123171.PNG, Test 1, null, null, null, null, null, null, null, null, null 
11:23:37.555 TRACE --- [http-nio-9000-exec-10] c.l.e.m.P.selectProductList : <==        Row: 199, Test 1, 2021-08-20 02:23:17, 30000, Test, Test , 0, 50, null, null, null, 203, 202108201123172.PNG, Test 1, null, null, null, null, null, null, null, null, null 
11:23:37.556 DEBUG --- [http-nio-9000-exec-10] c.l.e.m.P.selectProductList : <==      Total: 2 
11:23:37.556 INFO  --- [http-nio-9000-exec-10] c.l.e.controller.AuthController : [com.lcom_test.example.domain.Product@690771b] 
11:23:37.556 DEBUG --- [http-nio-9000-exec-1] c.l.e.m.P.selectProductList : <==      Total: 0 
11:23:37.556 INFO  --- [http-nio-9000-exec-1] c.l.e.controller.AuthController : [] 
11:23:38.597 DEBUG --- [http-nio-9000-exec-3] c.l.e.mapper.UserMapper.readUser : ==>  Preparing: SELECT u_id as username, u_password as password, u_name as name, u_phone as phone, u_isAccountNonExpired as isAccountNonExpired, u_isAccountNonLocked as isAccountNonLocked, u_isCredentialNonExpired as isCredentialsNonExpired, u_isEnabled as isEnabled FROM userlist WHERE 1=1 AND u_id = ? 
11:23:38.597 DEBUG --- [http-nio-9000-exec-3] c.l.e.mapper.UserMapper.readUser : ==> Parameters: qqq(String) 
11:23:38.606 TRACE --- [http-nio-9000-exec-3] c.l.e.mapper.UserMapper.readUser : <==    Columns: username, password, name, phone, isAccountNonExpired, isAccountNonLocked, isCredentialsNonExpired, isEnabled 
11:23:38.606 TRACE --- [http-nio-9000-exec-3] c.l.e.mapper.UserMapper.readUser : <==        Row: qqq, $2a$10$MvKTOLYd8oQqWqQ4HUQXiOQqjvhci.W6O.40oYrRyyKdiw16HUo62, test1, x, 1, 1, 1, 1 
11:23:38.606 DEBUG --- [http-nio-9000-exec-3] c.l.e.mapper.UserMapper.readUser : <==      Total: 1 
11:23:38.606 DEBUG --- [http-nio-9000-exec-3] c.l.e.m.UserMapper.readAuthorities : ==>  Preparing: SELECT u_auth FROM userauth WHERE 1=1 AND u_id = ? 
11:23:38.606 DEBUG --- [http-nio-9000-exec-3] c.l.e.m.UserMapper.readAuthorities : ==> Parameters: qqq(String) 
11:23:38.615 TRACE --- [http-nio-9000-exec-3] c.l.e.m.UserMapper.readAuthorities : <==    Columns: u_auth 
11:23:38.616 TRACE --- [http-nio-9000-exec-3] c.l.e.m.UserMapper.readAuthorities : <==        Row: ROLE_ADMIN 
11:23:38.616 TRACE --- [http-nio-9000-exec-3] c.l.e.m.UserMapper.readAuthorities : <==        Row: ROLE_ADMIN 
11:23:38.617 DEBUG --- [http-nio-9000-exec-3] c.l.e.m.UserMapper.readAuthorities : <==      Total: 2 
11:23:38.621 DEBUG --- [http-nio-9000-exec-3] c.l.e.m.BoardMapper.getBoardCount : ==>  Preparing: SELECT COUNT(*) as count FROM vue_board 
11:23:38.622 DEBUG --- [http-nio-9000-exec-3] c.l.e.m.BoardMapper.getBoardCount : ==> Parameters:  
11:23:38.631 TRACE --- [http-nio-9000-exec-3] c.l.e.m.BoardMapper.getBoardCount : <==    Columns: count 
11:23:38.631 TRACE --- [http-nio-9000-exec-3] c.l.e.m.BoardMapper.getBoardCount : <==        Row: 1 
11:23:38.632 DEBUG --- [http-nio-9000-exec-3] c.l.e.m.BoardMapper.getBoardCount : <==      Total: 1 
11:23:38.632 INFO  --- [http-nio-9000-exec-3] c.l.e.controller.AuthController : com.lcom_test.example.domain.Board@4ede8346 
11:23:38.633 DEBUG --- [http-nio-9000-exec-3] c.l.e.m.BoardMapper.selectBoardList : ==>  Preparing: SELECT b_id as bId, b_writer as bWriter, b_title as bTitle, b_content as bContent, b_datetime as bDateTime, b_views as bViews, b_group as bGroup, b_order as bOrder, b_depth as bDepth, u_id as username FROM vue_board ORDER BY b_group DESC, b_order ASC LIMIT ?,? 
11:23:38.634 DEBUG --- [http-nio-9000-exec-3] c.l.e.m.BoardMapper.selectBoardList : ==> Parameters: 0(Integer), 10(Integer) 
11:23:38.642 TRACE --- [http-nio-9000-exec-3] c.l.e.m.BoardMapper.selectBoardList : <==    Columns: bId, bWriter, bTitle, bContent, bDateTime, bViews, bGroup, bOrder, bDepth, username 
11:23:38.643 TRACE --- [http-nio-9000-exec-3] c.l.e.m.BoardMapper.selectBoardList : <==        Row: 121, null, 테스트, 안녕하세요, 2021-08-20 01:28:54, 2, 121, 0, 0, qqq 
11:23:38.646 DEBUG --- [http-nio-9000-exec-3] c.l.e.m.BoardMapper.selectBoardList : <==      Total: 1 
11:23:38.646 INFO  --- [http-nio-9000-exec-3] c.l.e.controller.AuthController : [com.lcom_test.example.domain.Board@2df6a49d] 
11:24:49.338 DEBUG --- [http-nio-9000-exec-5] c.l.e.mapper.UserMapper.readUser : ==>  Preparing: SELECT u_id as username, u_password as password, u_name as name, u_phone as phone, u_isAccountNonExpired as isAccountNonExpired, u_isAccountNonLocked as isAccountNonLocked, u_isCredentialNonExpired as isCredentialsNonExpired, u_isEnabled as isEnabled FROM userlist WHERE 1=1 AND u_id = ? 
11:24:49.338 DEBUG --- [http-nio-9000-exec-5] c.l.e.mapper.UserMapper.readUser : ==> Parameters: qqq(String) 
11:24:49.341 DEBUG --- [http-nio-9000-exec-7] c.l.e.mapper.UserMapper.readUser : ==>  Preparing: SELECT u_id as username, u_password as password, u_name as name, u_phone as phone, u_isAccountNonExpired as isAccountNonExpired, u_isAccountNonLocked as isAccountNonLocked, u_isCredentialNonExpired as isCredentialsNonExpired, u_isEnabled as isEnabled FROM userlist WHERE 1=1 AND u_id = ? 
11:24:49.341 DEBUG --- [http-nio-9000-exec-7] c.l.e.mapper.UserMapper.readUser : ==> Parameters: qqq(String) 
11:24:49.347 TRACE --- [http-nio-9000-exec-5] c.l.e.mapper.UserMapper.readUser : <==    Columns: username, password, name, phone, isAccountNonExpired, isAccountNonLocked, isCredentialsNonExpired, isEnabled 
11:24:49.347 TRACE --- [http-nio-9000-exec-5] c.l.e.mapper.UserMapper.readUser : <==        Row: qqq, $2a$10$MvKTOLYd8oQqWqQ4HUQXiOQqjvhci.W6O.40oYrRyyKdiw16HUo62, test1, x, 1, 1, 1, 1 
11:24:49.347 DEBUG --- [http-nio-9000-exec-5] c.l.e.mapper.UserMapper.readUser : <==      Total: 1 
11:24:49.347 DEBUG --- [http-nio-9000-exec-5] c.l.e.m.UserMapper.readAuthorities : ==>  Preparing: SELECT u_auth FROM userauth WHERE 1=1 AND u_id = ? 
11:24:49.347 DEBUG --- [http-nio-9000-exec-5] c.l.e.m.UserMapper.readAuthorities : ==> Parameters: qqq(String) 
11:24:49.348 TRACE --- [http-nio-9000-exec-7] c.l.e.mapper.UserMapper.readUser : <==    Columns: username, password, name, phone, isAccountNonExpired, isAccountNonLocked, isCredentialsNonExpired, isEnabled 
11:24:49.348 TRACE --- [http-nio-9000-exec-7] c.l.e.mapper.UserMapper.readUser : <==        Row: qqq, $2a$10$MvKTOLYd8oQqWqQ4HUQXiOQqjvhci.W6O.40oYrRyyKdiw16HUo62, test1, x, 1, 1, 1, 1 
11:24:49.349 DEBUG --- [http-nio-9000-exec-7] c.l.e.mapper.UserMapper.readUser : <==      Total: 1 
11:24:49.349 DEBUG --- [http-nio-9000-exec-7] c.l.e.m.UserMapper.readAuthorities : ==>  Preparing: SELECT u_auth FROM userauth WHERE 1=1 AND u_id = ? 
11:24:49.349 DEBUG --- [http-nio-9000-exec-7] c.l.e.m.UserMapper.readAuthorities : ==> Parameters: qqq(String) 
11:24:49.356 TRACE --- [http-nio-9000-exec-5] c.l.e.m.UserMapper.readAuthorities : <==    Columns: u_auth 
11:24:49.356 TRACE --- [http-nio-9000-exec-5] c.l.e.m.UserMapper.readAuthorities : <==        Row: ROLE_ADMIN 
11:24:49.356 TRACE --- [http-nio-9000-exec-5] c.l.e.m.UserMapper.readAuthorities : <==        Row: ROLE_ADMIN 
11:24:49.356 DEBUG --- [http-nio-9000-exec-5] c.l.e.m.UserMapper.readAuthorities : <==      Total: 2 
11:24:49.357 DEBUG --- [http-nio-9000-exec-5] c.l.e.m.P.selectProductList : ==>  Preparing: SELECT * FROM vue_product ta LEFT JOIN ( SELECT * FROM vue_heart WHERE u_id = ? ) tb ON ta.p_id = tb.p_id LEFT JOIN vue_img tc ON ta.p_name = tc.p_name LEFT JOIN userlist td ON tb.u_id = td.u_id LIMIT ?,8 
11:24:49.357 DEBUG --- [http-nio-9000-exec-5] c.l.e.m.P.selectProductList : ==> Parameters: qqq(String), 0(Integer) 
11:24:49.357 TRACE --- [http-nio-9000-exec-7] c.l.e.m.UserMapper.readAuthorities : <==    Columns: u_auth 
11:24:49.358 TRACE --- [http-nio-9000-exec-7] c.l.e.m.UserMapper.readAuthorities : <==        Row: ROLE_ADMIN 
11:24:49.358 TRACE --- [http-nio-9000-exec-7] c.l.e.m.UserMapper.readAuthorities : <==        Row: ROLE_ADMIN 
11:24:49.358 DEBUG --- [http-nio-9000-exec-7] c.l.e.m.UserMapper.readAuthorities : <==      Total: 2 
11:24:49.358 DEBUG --- [http-nio-9000-exec-7] c.l.e.m.P.selectProductList : ==>  Preparing: SELECT * FROM vue_product ta LEFT JOIN ( SELECT * FROM vue_heart WHERE u_id = ? ) tb ON ta.p_id = tb.p_id LEFT JOIN vue_img tc ON ta.p_name = tc.p_name LEFT JOIN userlist td ON tb.u_id = td.u_id LIMIT ?,8 
11:24:49.359 DEBUG --- [http-nio-9000-exec-7] c.l.e.m.P.selectProductList : ==> Parameters: qqq(String), 8(Integer) 
11:24:49.365 TRACE --- [http-nio-9000-exec-5] c.l.e.m.P.selectProductList : <==    Columns: p_id, p_name, p_date, p_price, p_from, p_brand, p_like, p_quantity, h_id, p_id, u_id, i_id, i_name, p_name, u_id, u_password, u_name, u_phone, u_datetime, u_isAccountNonExpired, u_isAccountNonLocked, u_isCredentialNonExpired, u_isEnabled 
11:24:49.365 TRACE --- [http-nio-9000-exec-5] c.l.e.m.P.selectProductList : <==        Row: 199, Test 1, 2021-08-20 02:23:17, 30000, Test, Test , 0, 50, null, null, null, 202, 202108201123171.PNG, Test 1, null, null, null, null, null, null, null, null, null 
11:24:49.365 DEBUG --- [http-nio-9000-exec-7] c.l.e.m.P.selectProductList : <==      Total: 0 
11:24:49.366 INFO  --- [http-nio-9000-exec-7] c.l.e.controller.AuthController : [] 
11:24:49.366 TRACE --- [http-nio-9000-exec-5] c.l.e.m.P.selectProductList : <==        Row: 199, Test 1, 2021-08-20 02:23:17, 30000, Test, Test , 0, 50, null, null, null, 203, 202108201123172.PNG, Test 1, null, null, null, null, null, null, null, null, null 
11:24:49.367 DEBUG --- [http-nio-9000-exec-5] c.l.e.m.P.selectProductList : <==      Total: 2 
11:24:49.367 INFO  --- [http-nio-9000-exec-5] c.l.e.controller.AuthController : [com.lcom_test.example.domain.Product@68208962] 
11:24:49.966 DEBUG --- [http-nio-9000-exec-6] c.l.e.mapper.UserMapper.readUser : ==>  Preparing: SELECT u_id as username, u_password as password, u_name as name, u_phone as phone, u_isAccountNonExpired as isAccountNonExpired, u_isAccountNonLocked as isAccountNonLocked, u_isCredentialNonExpired as isCredentialsNonExpired, u_isEnabled as isEnabled FROM userlist WHERE 1=1 AND u_id = ? 
11:24:49.966 DEBUG --- [http-nio-9000-exec-6] c.l.e.mapper.UserMapper.readUser : ==> Parameters: qqq(String) 
11:24:49.975 TRACE --- [http-nio-9000-exec-6] c.l.e.mapper.UserMapper.readUser : <==    Columns: username, password, name, phone, isAccountNonExpired, isAccountNonLocked, isCredentialsNonExpired, isEnabled 
11:24:49.976 TRACE --- [http-nio-9000-exec-6] c.l.e.mapper.UserMapper.readUser : <==        Row: qqq, $2a$10$MvKTOLYd8oQqWqQ4HUQXiOQqjvhci.W6O.40oYrRyyKdiw16HUo62, test1, x, 1, 1, 1, 1 
11:24:49.976 DEBUG --- [http-nio-9000-exec-6] c.l.e.mapper.UserMapper.readUser : <==      Total: 1 
11:24:49.976 DEBUG --- [http-nio-9000-exec-6] c.l.e.m.UserMapper.readAuthorities : ==>  Preparing: SELECT u_auth FROM userauth WHERE 1=1 AND u_id = ? 
11:24:49.976 DEBUG --- [http-nio-9000-exec-6] c.l.e.m.UserMapper.readAuthorities : ==> Parameters: qqq(String) 
11:24:49.986 TRACE --- [http-nio-9000-exec-6] c.l.e.m.UserMapper.readAuthorities : <==    Columns: u_auth 
11:24:49.986 TRACE --- [http-nio-9000-exec-6] c.l.e.m.UserMapper.readAuthorities : <==        Row: ROLE_ADMIN 
11:24:49.986 TRACE --- [http-nio-9000-exec-6] c.l.e.m.UserMapper.readAuthorities : <==        Row: ROLE_ADMIN 
11:24:49.986 DEBUG --- [http-nio-9000-exec-6] c.l.e.m.UserMapper.readAuthorities : <==      Total: 2 
11:24:49.990 DEBUG --- [http-nio-9000-exec-6] c.l.e.controller.AuthController : pName:Test 1 
11:24:49.991 DEBUG --- [http-nio-9000-exec-6] c.l.e.m.ProductMapper.getProduct : ==>  Preparing: SELECT * FROM vue_product ta LEFT JOIN vue_img tb ON ta.p_name = tb.p_name WHERE ta.p_name = ? 
11:24:49.991 DEBUG --- [http-nio-9000-exec-6] c.l.e.m.ProductMapper.getProduct : ==> Parameters: Test 1(String) 
11:24:50.001 TRACE --- [http-nio-9000-exec-6] c.l.e.m.ProductMapper.getProduct : <==    Columns: p_id, p_name, p_date, p_price, p_from, p_brand, p_like, p_quantity, i_id, i_name, p_name 
11:24:50.002 TRACE --- [http-nio-9000-exec-6] c.l.e.m.ProductMapper.getProduct : <==        Row: 199, Test 1, 2021-08-20 02:23:17, 30000, Test, Test , 0, 50, 202, 202108201123171.PNG, Test 1 
11:24:50.004 TRACE --- [http-nio-9000-exec-6] c.l.e.m.ProductMapper.getProduct : <==        Row: 199, Test 1, 2021-08-20 02:23:17, 30000, Test, Test , 0, 50, 203, 202108201123172.PNG, Test 1 
11:24:50.004 DEBUG --- [http-nio-9000-exec-6] c.l.e.m.ProductMapper.getProduct : <==      Total: 2 
11:35:42.482 DEBUG --- [http-nio-9000-exec-1] c.l.e.mapper.UserMapper.readUser : ==>  Preparing: SELECT u_id as username, u_password as password, u_name as name, u_phone as phone, u_isAccountNonExpired as isAccountNonExpired, u_isAccountNonLocked as isAccountNonLocked, u_isCredentialNonExpired as isCredentialsNonExpired, u_isEnabled as isEnabled FROM userlist WHERE 1=1 AND u_id = ? 
11:35:42.482 DEBUG --- [http-nio-9000-exec-1] c.l.e.mapper.UserMapper.readUser : ==> Parameters: qqq(String) 
11:35:42.491 TRACE --- [http-nio-9000-exec-1] c.l.e.mapper.UserMapper.readUser : <==    Columns: username, password, name, phone, isAccountNonExpired, isAccountNonLocked, isCredentialsNonExpired, isEnabled 
11:35:42.491 TRACE --- [http-nio-9000-exec-1] c.l.e.mapper.UserMapper.readUser : <==        Row: qqq, $2a$10$MvKTOLYd8oQqWqQ4HUQXiOQqjvhci.W6O.40oYrRyyKdiw16HUo62, test1, x, 1, 1, 1, 1 
11:35:42.491 DEBUG --- [http-nio-9000-exec-1] c.l.e.mapper.UserMapper.readUser : <==      Total: 1 
11:35:42.491 DEBUG --- [http-nio-9000-exec-1] c.l.e.m.UserMapper.readAuthorities : ==>  Preparing: SELECT u_auth FROM userauth WHERE 1=1 AND u_id = ? 
11:35:42.491 DEBUG --- [http-nio-9000-exec-1] c.l.e.m.UserMapper.readAuthorities : ==> Parameters: qqq(String) 
11:35:42.499 TRACE --- [http-nio-9000-exec-1] c.l.e.m.UserMapper.readAuthorities : <==    Columns: u_auth 
11:35:42.499 TRACE --- [http-nio-9000-exec-1] c.l.e.m.UserMapper.readAuthorities : <==        Row: ROLE_ADMIN 
11:35:42.499 TRACE --- [http-nio-9000-exec-1] c.l.e.m.UserMapper.readAuthorities : <==        Row: ROLE_ADMIN 
11:35:42.499 DEBUG --- [http-nio-9000-exec-1] c.l.e.m.UserMapper.readAuthorities : <==      Total: 2 
11:35:42.500 DEBUG --- [http-nio-9000-exec-1] c.l.e.m.BoardMapper.getBoardCount : ==>  Preparing: SELECT COUNT(*) as count FROM vue_board 
11:35:42.500 DEBUG --- [http-nio-9000-exec-1] c.l.e.m.BoardMapper.getBoardCount : ==> Parameters:  
11:35:42.507 TRACE --- [http-nio-9000-exec-1] c.l.e.m.BoardMapper.getBoardCount : <==    Columns: count 
11:35:42.507 TRACE --- [http-nio-9000-exec-1] c.l.e.m.BoardMapper.getBoardCount : <==        Row: 1 
11:35:42.507 DEBUG --- [http-nio-9000-exec-1] c.l.e.m.BoardMapper.getBoardCount : <==      Total: 1 
11:35:42.507 INFO  --- [http-nio-9000-exec-1] c.l.e.controller.AuthController : com.lcom_test.example.domain.Board@bb10d89 
11:35:42.507 DEBUG --- [http-nio-9000-exec-1] c.l.e.m.BoardMapper.selectBoardList : ==>  Preparing: SELECT b_id as bId, b_writer as bWriter, b_title as bTitle, b_content as bContent, b_datetime as bDateTime, b_views as bViews, b_group as bGroup, b_order as bOrder, b_depth as bDepth, u_id as username FROM vue_board ORDER BY b_group DESC, b_order ASC LIMIT ?,? 
11:35:42.508 DEBUG --- [http-nio-9000-exec-1] c.l.e.m.BoardMapper.selectBoardList : ==> Parameters: 0(Integer), 10(Integer) 
11:35:42.516 TRACE --- [http-nio-9000-exec-1] c.l.e.m.BoardMapper.selectBoardList : <==    Columns: bId, bWriter, bTitle, bContent, bDateTime, bViews, bGroup, bOrder, bDepth, username 
11:35:42.516 TRACE --- [http-nio-9000-exec-1] c.l.e.m.BoardMapper.selectBoardList : <==        Row: 121, null, 테스트, 안녕하세요, 2021-08-20 01:28:54, 2, 121, 0, 0, qqq 
11:35:42.517 DEBUG --- [http-nio-9000-exec-1] c.l.e.m.BoardMapper.selectBoardList : <==      Total: 1 
11:35:42.517 INFO  --- [http-nio-9000-exec-1] c.l.e.controller.AuthController : [com.lcom_test.example.domain.Board@68f83105] 
