22:15:31.667 INFO  --- [restartedMain] c.l.example.LcomTestApplication : Starting LcomTestApplication on DESKTOP-OPGPTQR with PID 22668 (C:\Users\82105\Documents\GitHub\jeon_project\bin\main started by 82105 in C:\Users\82105\Documents\GitHub\jeon_project) 
22:15:31.672 DEBUG --- [restartedMain] c.l.example.LcomTestApplication : Running with Spring Boot v2.3.4.RELEASE, Spring v5.2.9.RELEASE 
22:15:31.672 INFO  --- [restartedMain] c.l.example.LcomTestApplication : The following profiles are active: local 
22:15:33.238 DEBUG --- [restartedMain] c.l.example.config.AuthTokenFilter : Filter 'authenticationJwtTokenFilter' configured for use 
22:15:33.742 INFO  --- [restartedMain] c.l.example.LcomTestApplication : Started LcomTestApplication in 2.477 seconds (JVM running for 4.739) 
22:16:55.918 DEBUG --- [http-nio-9000-exec-1] c.l.e.m.P.selectHomeImgList : ==>  Preparing: SELECT hi_id as hiId, hi_name as hiName FROM vue_homeimg 
22:16:55.946 DEBUG --- [http-nio-9000-exec-1] c.l.e.m.P.selectHomeImgList : ==> Parameters:  
22:16:55.994 TRACE --- [http-nio-9000-exec-1] c.l.e.m.P.selectHomeImgList : <==    Columns: hiId, hiName 
22:16:55.994 TRACE --- [http-nio-9000-exec-1] c.l.e.m.P.selectHomeImgList : <==        Row: 1, 바지1.PNG 
22:16:55.996 TRACE --- [http-nio-9000-exec-1] c.l.e.m.P.selectHomeImgList : <==        Row: 4, 바지4.PNG 
22:16:55.996 TRACE --- [http-nio-9000-exec-1] c.l.e.m.P.selectHomeImgList : <==        Row: 7, 202108231151096.PNG 
22:16:55.996 TRACE --- [http-nio-9000-exec-1] c.l.e.m.P.selectHomeImgList : <==        Row: 8, 202108231151233.PNG 
22:16:55.996 TRACE --- [http-nio-9000-exec-1] c.l.e.m.P.selectHomeImgList : <==        Row: 9, 202108231151364.PNG 
22:16:55.996 DEBUG --- [http-nio-9000-exec-1] c.l.e.m.P.selectHomeImgList : <==      Total: 5 
22:17:03.893 INFO  --- [http-nio-9000-exec-4] c.l.e.controller.AuthController : testLoginRequest [username=qqq, password=qqqq] 
22:17:03.995 DEBUG --- [http-nio-9000-exec-4] c.l.e.mapper.UserMapper.readUser : ==>  Preparing: SELECT u_id as username, u_password as password, u_name as name, u_phone as phone, u_isAccountNonExpired as isAccountNonExpired, u_isAccountNonLocked as isAccountNonLocked, u_isCredentialNonExpired as isCredentialsNonExpired, u_isEnabled as isEnabled FROM userlist WHERE 1=1 AND u_id = ? 
22:17:03.996 DEBUG --- [http-nio-9000-exec-4] c.l.e.mapper.UserMapper.readUser : ==> Parameters: qqq(String) 
22:17:04.034 TRACE --- [http-nio-9000-exec-4] c.l.e.mapper.UserMapper.readUser : <==    Columns: username, password, name, phone, isAccountNonExpired, isAccountNonLocked, isCredentialsNonExpired, isEnabled 
22:17:04.034 TRACE --- [http-nio-9000-exec-4] c.l.e.mapper.UserMapper.readUser : <==        Row: qqq, $2a$10$MvKTOLYd8oQqWqQ4HUQXiOQqjvhci.W6O.40oYrRyyKdiw16HUo62, test1, x, 1, 1, 1, 1 
22:17:04.034 DEBUG --- [http-nio-9000-exec-4] c.l.e.mapper.UserMapper.readUser : <==      Total: 1 
22:17:04.035 DEBUG --- [http-nio-9000-exec-4] c.l.e.m.UserMapper.readAuthorities : ==>  Preparing: SELECT u_auth FROM userauth WHERE 1=1 AND u_id = ? 
22:17:04.035 DEBUG --- [http-nio-9000-exec-4] c.l.e.m.UserMapper.readAuthorities : ==> Parameters: qqq(String) 
22:17:04.063 TRACE --- [http-nio-9000-exec-4] c.l.e.m.UserMapper.readAuthorities : <==    Columns: u_auth 
22:17:04.063 TRACE --- [http-nio-9000-exec-4] c.l.e.m.UserMapper.readAuthorities : <==        Row: ROLE_ADMIN 
22:17:04.064 DEBUG --- [http-nio-9000-exec-4] c.l.e.m.UserMapper.readAuthorities : <==      Total: 1 
22:17:04.190 INFO  --- [http-nio-9000-exec-4] c.l.e.controller.AuthController : ddddUser [username=qqq, password=$2a$10$MvKTOLYd8oQqWqQ4HUQXiOQqjvhci.W6O.40oYrRyyKdiw16HUo62, name=test1, phone=x, uDateTime=null, authorities=[ROLE_ADMIN], isAccountNonExpired=true, isAccountNonLocked=true, isCredentialsNonExpired=true, isEnabled=true] 
22:17:04.289 DEBUG --- [http-nio-9000-exec-6] c.l.e.mapper.UserMapper.readUser : ==>  Preparing: SELECT u_id as username, u_password as password, u_name as name, u_phone as phone, u_isAccountNonExpired as isAccountNonExpired, u_isAccountNonLocked as isAccountNonLocked, u_isCredentialNonExpired as isCredentialsNonExpired, u_isEnabled as isEnabled FROM userlist WHERE 1=1 AND u_id = ? 
22:17:04.290 DEBUG --- [http-nio-9000-exec-6] c.l.e.mapper.UserMapper.readUser : ==> Parameters: qqq(String) 
22:17:04.311 TRACE --- [http-nio-9000-exec-6] c.l.e.mapper.UserMapper.readUser : <==    Columns: username, password, name, phone, isAccountNonExpired, isAccountNonLocked, isCredentialsNonExpired, isEnabled 
22:17:04.312 TRACE --- [http-nio-9000-exec-6] c.l.e.mapper.UserMapper.readUser : <==        Row: qqq, $2a$10$MvKTOLYd8oQqWqQ4HUQXiOQqjvhci.W6O.40oYrRyyKdiw16HUo62, test1, x, 1, 1, 1, 1 
22:17:04.312 DEBUG --- [http-nio-9000-exec-6] c.l.e.mapper.UserMapper.readUser : <==      Total: 1 
22:17:04.312 DEBUG --- [http-nio-9000-exec-6] c.l.e.m.UserMapper.readAuthorities : ==>  Preparing: SELECT u_auth FROM userauth WHERE 1=1 AND u_id = ? 
22:17:04.312 DEBUG --- [http-nio-9000-exec-6] c.l.e.m.UserMapper.readAuthorities : ==> Parameters: qqq(String) 
22:17:04.333 TRACE --- [http-nio-9000-exec-6] c.l.e.m.UserMapper.readAuthorities : <==    Columns: u_auth 
22:17:04.333 TRACE --- [http-nio-9000-exec-6] c.l.e.m.UserMapper.readAuthorities : <==        Row: ROLE_ADMIN 
22:17:04.333 DEBUG --- [http-nio-9000-exec-6] c.l.e.m.UserMapper.readAuthorities : <==      Total: 1 
22:17:04.334 DEBUG --- [http-nio-9000-exec-6] c.l.e.m.P.selectHomeImgList : ==>  Preparing: SELECT hi_id as hiId, hi_name as hiName FROM vue_homeimg 
22:17:04.334 DEBUG --- [http-nio-9000-exec-6] c.l.e.m.P.selectHomeImgList : ==> Parameters:  
22:17:04.348 TRACE --- [http-nio-9000-exec-6] c.l.e.m.P.selectHomeImgList : <==    Columns: hiId, hiName 
22:17:04.348 TRACE --- [http-nio-9000-exec-6] c.l.e.m.P.selectHomeImgList : <==        Row: 1, 바지1.PNG 
22:17:04.349 TRACE --- [http-nio-9000-exec-6] c.l.e.m.P.selectHomeImgList : <==        Row: 4, 바지4.PNG 
22:17:04.349 TRACE --- [http-nio-9000-exec-6] c.l.e.m.P.selectHomeImgList : <==        Row: 7, 202108231151096.PNG 
22:17:04.349 TRACE --- [http-nio-9000-exec-6] c.l.e.m.P.selectHomeImgList : <==        Row: 8, 202108231151233.PNG 
22:17:04.349 TRACE --- [http-nio-9000-exec-6] c.l.e.m.P.selectHomeImgList : <==        Row: 9, 202108231151364.PNG 
22:17:04.349 DEBUG --- [http-nio-9000-exec-6] c.l.e.m.P.selectHomeImgList : <==      Total: 5 
22:17:14.411 DEBUG --- [http-nio-9000-exec-9] c.l.e.mapper.UserMapper.readUser : ==>  Preparing: SELECT u_id as username, u_password as password, u_name as name, u_phone as phone, u_isAccountNonExpired as isAccountNonExpired, u_isAccountNonLocked as isAccountNonLocked, u_isCredentialNonExpired as isCredentialsNonExpired, u_isEnabled as isEnabled FROM userlist WHERE 1=1 AND u_id = ? 
22:17:14.411 DEBUG --- [http-nio-9000-exec-9] c.l.e.mapper.UserMapper.readUser : ==> Parameters: qqq(String) 
22:17:14.417 DEBUG --- [http-nio-9000-exec-10] c.l.e.mapper.UserMapper.readUser : ==>  Preparing: SELECT u_id as username, u_password as password, u_name as name, u_phone as phone, u_isAccountNonExpired as isAccountNonExpired, u_isAccountNonLocked as isAccountNonLocked, u_isCredentialNonExpired as isCredentialsNonExpired, u_isEnabled as isEnabled FROM userlist WHERE 1=1 AND u_id = ? 
22:17:14.417 DEBUG --- [http-nio-9000-exec-10] c.l.e.mapper.UserMapper.readUser : ==> Parameters: qqq(String) 
22:17:14.435 TRACE --- [http-nio-9000-exec-9] c.l.e.mapper.UserMapper.readUser : <==    Columns: username, password, name, phone, isAccountNonExpired, isAccountNonLocked, isCredentialsNonExpired, isEnabled 
22:17:14.436 TRACE --- [http-nio-9000-exec-9] c.l.e.mapper.UserMapper.readUser : <==        Row: qqq, $2a$10$MvKTOLYd8oQqWqQ4HUQXiOQqjvhci.W6O.40oYrRyyKdiw16HUo62, test1, x, 1, 1, 1, 1 
22:17:14.436 DEBUG --- [http-nio-9000-exec-9] c.l.e.mapper.UserMapper.readUser : <==      Total: 1 
22:17:14.436 DEBUG --- [http-nio-9000-exec-9] c.l.e.m.UserMapper.readAuthorities : ==>  Preparing: SELECT u_auth FROM userauth WHERE 1=1 AND u_id = ? 
22:17:14.436 DEBUG --- [http-nio-9000-exec-9] c.l.e.m.UserMapper.readAuthorities : ==> Parameters: qqq(String) 
22:17:14.460 TRACE --- [http-nio-9000-exec-9] c.l.e.m.UserMapper.readAuthorities : <==    Columns: u_auth 
22:17:14.460 TRACE --- [http-nio-9000-exec-9] c.l.e.m.UserMapper.readAuthorities : <==        Row: ROLE_ADMIN 
22:17:14.460 DEBUG --- [http-nio-9000-exec-9] c.l.e.m.UserMapper.readAuthorities : <==      Total: 1 
22:17:14.468 DEBUG --- [http-nio-9000-exec-9] c.l.e.m.ProductMapper.selectHotList : ==>  Preparing: SELECT * FROM vue_product ta LEFT JOIN ( SELECT * FROM vue_heart WHERE u_id = ? ) tb ON ta.p_id = tb.p_id LEFT JOIN vue_img tc ON ta.p_name = tc.p_name LEFT JOIN userlist td ON tb.u_id = td.u_id ORDER BY p_like DESC LIMIT ?,8 
22:17:14.468 DEBUG --- [http-nio-9000-exec-9] c.l.e.m.ProductMapper.selectHotList : ==> Parameters: qqq(String), 0(Integer) 
22:17:14.502 TRACE --- [http-nio-9000-exec-9] c.l.e.m.ProductMapper.selectHotList : <==    Columns: p_id, p_name, p_date, p_price, p_from, p_brand, p_like, p_quantity, h_id, p_id, u_id, i_id, i_name, p_name, u_id, u_password, u_name, u_phone, u_datetime, u_isAccountNonExpired, u_isAccountNonLocked, u_isCredentialNonExpired, u_isEnabled 
22:17:14.503 TRACE --- [http-nio-9000-exec-9] c.l.e.m.ProductMapper.selectHotList : <==        Row: 263, Test 4, 2021-09-07 07:27:31, 30000, Test 4 , Test 4, 5, 50, null, null, null, 240, 20210907162731쇼핑몰 예시 3.PNG, Test 4, null, null, null, null, null, null, null, null, null 
22:17:14.505 TRACE --- [http-nio-9000-exec-9] c.l.e.m.ProductMapper.selectHotList : <==        Row: 261, Test 2, 2021-09-07 07:26:38, 30000, Test 2 , Test 2, 4, 50, null, null, null, 238, 20210907162639쇼핑몰 예시 1 - 복사본 - 복사본.PNG, Test 2, null, null, null, null, null, null, null, null, null 
22:17:14.507 TRACE --- [http-nio-9000-exec-9] c.l.e.m.ProductMapper.selectHotList : <==        Row: 264, Test 5, 2021-09-07 07:27:54, 30000, Test 5, Test 5, 3, 50, null, null, null, 241, 20210907162755쇼핑몰 예시 4.PNG, Test 5, null, null, null, null, null, null, null, null, null 
22:17:14.508 TRACE --- [http-nio-9000-exec-9] c.l.e.m.ProductMapper.selectHotList : <==        Row: 262, Test 3 , 2021-09-07 07:27:00, 250000, Test 2, Test 2, 2, 50, null, null, null, 239, 20210907162700쇼핑몰 예시 2 - 복사본.PNG, Test 3 , null, null, null, null, null, null, null, null, null 
22:17:14.509 TRACE --- [http-nio-9000-exec-9] c.l.e.m.ProductMapper.selectHotList : <==        Row: 260, Test 1, 2021-09-07 07:26:20, 30000, Test 1, Test 1, 1, 50, null, null, null, 237, 20210907162620쇼핑몰 사진 예시 - 복사본 - 복사본.PNG, Test 1, null, null, null, null, null, null, null, null, null 
22:17:14.510 DEBUG --- [http-nio-9000-exec-9] c.l.e.m.ProductMapper.selectHotList : <==      Total: 5 
22:17:14.510 INFO  --- [http-nio-9000-exec-9] c.l.e.controller.AuthController : [com.lcom_test.example.domain.Product@2c719152, com.lcom_test.example.domain.Product@6dd19549, com.lcom_test.example.domain.Product@499c9281, com.lcom_test.example.domain.Product@2f764a44, com.lcom_test.example.domain.Product@f2db5f9] 
22:17:14.676 TRACE --- [http-nio-9000-exec-10] c.l.e.mapper.UserMapper.readUser : <==    Columns: username, password, name, phone, isAccountNonExpired, isAccountNonLocked, isCredentialsNonExpired, isEnabled 
22:17:14.676 TRACE --- [http-nio-9000-exec-10] c.l.e.mapper.UserMapper.readUser : <==        Row: qqq, $2a$10$MvKTOLYd8oQqWqQ4HUQXiOQqjvhci.W6O.40oYrRyyKdiw16HUo62, test1, x, 1, 1, 1, 1 
22:17:14.677 DEBUG --- [http-nio-9000-exec-10] c.l.e.mapper.UserMapper.readUser : <==      Total: 1 
22:17:14.677 DEBUG --- [http-nio-9000-exec-10] c.l.e.m.UserMapper.readAuthorities : ==>  Preparing: SELECT u_auth FROM userauth WHERE 1=1 AND u_id = ? 
22:17:14.677 DEBUG --- [http-nio-9000-exec-10] c.l.e.m.UserMapper.readAuthorities : ==> Parameters: qqq(String) 
22:17:14.722 TRACE --- [http-nio-9000-exec-10] c.l.e.m.UserMapper.readAuthorities : <==    Columns: u_auth 
22:17:14.722 TRACE --- [http-nio-9000-exec-10] c.l.e.m.UserMapper.readAuthorities : <==        Row: ROLE_ADMIN 
22:17:14.722 DEBUG --- [http-nio-9000-exec-10] c.l.e.m.UserMapper.readAuthorities : <==      Total: 1 
22:17:14.723 DEBUG --- [http-nio-9000-exec-10] c.l.e.m.ProductMapper.selectHotList : ==>  Preparing: SELECT * FROM vue_product ta LEFT JOIN ( SELECT * FROM vue_heart WHERE u_id = ? ) tb ON ta.p_id = tb.p_id LEFT JOIN vue_img tc ON ta.p_name = tc.p_name LEFT JOIN userlist td ON tb.u_id = td.u_id ORDER BY p_like DESC LIMIT ?,8 
22:17:14.723 DEBUG --- [http-nio-9000-exec-10] c.l.e.m.ProductMapper.selectHotList : ==> Parameters: qqq(String), 8(Integer) 
22:17:14.754 DEBUG --- [http-nio-9000-exec-10] c.l.e.m.ProductMapper.selectHotList : <==      Total: 0 
22:17:14.754 INFO  --- [http-nio-9000-exec-10] c.l.e.controller.AuthController : [] 
23:36:42.688 DEBUG --- [http-nio-9000-exec-3] c.l.e.m.ProductMapper.selectHotList : ==>  Preparing: SELECT * FROM vue_product ta LEFT JOIN ( SELECT * FROM vue_heart WHERE u_id = ? ) tb ON ta.p_id = tb.p_id LEFT JOIN vue_img tc ON ta.p_name = tc.p_name LEFT JOIN userlist td ON tb.u_id = td.u_id ORDER BY p_like DESC LIMIT ?,8 
23:36:42.689 DEBUG --- [http-nio-9000-exec-3] c.l.e.m.ProductMapper.selectHotList : ==> Parameters: qqq(String), 0(Integer) 
23:36:42.720 TRACE --- [http-nio-9000-exec-3] c.l.e.m.ProductMapper.selectHotList : <==    Columns: p_id, p_name, p_date, p_price, p_from, p_brand, p_like, p_quantity, h_id, p_id, u_id, i_id, i_name, p_name, u_id, u_password, u_name, u_phone, u_datetime, u_isAccountNonExpired, u_isAccountNonLocked, u_isCredentialNonExpired, u_isEnabled 
23:36:42.721 TRACE --- [http-nio-9000-exec-3] c.l.e.m.ProductMapper.selectHotList : <==        Row: 263, Test 4, 2021-09-07 07:27:31, 30000, Test 4 , Test 4, 5, 50, null, null, null, 240, 20210907162731쇼핑몰 예시 3.PNG, Test 4, null, null, null, null, null, null, null, null, null 
23:36:42.723 TRACE --- [http-nio-9000-exec-3] c.l.e.m.ProductMapper.selectHotList : <==        Row: 261, Test 2, 2021-09-07 07:26:38, 30000, Test 2 , Test 2, 4, 50, null, null, null, 238, 20210907162639쇼핑몰 예시 1 - 복사본 - 복사본.PNG, Test 2, null, null, null, null, null, null, null, null, null 
23:36:42.725 TRACE --- [http-nio-9000-exec-3] c.l.e.m.ProductMapper.selectHotList : <==        Row: 264, Test 5, 2021-09-07 07:27:54, 30000, Test 5, Test 5, 3, 50, null, null, null, 241, 20210907162755쇼핑몰 예시 4.PNG, Test 5, null, null, null, null, null, null, null, null, null 
23:36:42.726 TRACE --- [http-nio-9000-exec-3] c.l.e.m.ProductMapper.selectHotList : <==        Row: 262, Test 3 , 2021-09-07 07:27:00, 250000, Test 2, Test 2, 2, 50, null, null, null, 239, 20210907162700쇼핑몰 예시 2 - 복사본.PNG, Test 3 , null, null, null, null, null, null, null, null, null 
23:36:42.727 TRACE --- [http-nio-9000-exec-3] c.l.e.m.ProductMapper.selectHotList : <==        Row: 260, Test 1, 2021-09-07 07:26:20, 30000, Test 1, Test 1, 1, 50, null, null, null, 237, 20210907162620쇼핑몰 사진 예시 - 복사본 - 복사본.PNG, Test 1, null, null, null, null, null, null, null, null, null 
23:36:42.729 DEBUG --- [http-nio-9000-exec-3] c.l.e.m.ProductMapper.selectHotList : <==      Total: 5 
23:36:42.729 INFO  --- [http-nio-9000-exec-3] c.l.e.controller.AuthController : [com.lcom_test.example.domain.Product@4d40dac2, com.lcom_test.example.domain.Product@3a681d3c, com.lcom_test.example.domain.Product@e022379, com.lcom_test.example.domain.Product@4c9e5210, com.lcom_test.example.domain.Product@7c3078b] 
23:36:45.366 DEBUG --- [http-nio-9000-exec-4] c.l.e.m.ProductMapper.selectHotList : ==>  Preparing: SELECT * FROM vue_product ta LEFT JOIN ( SELECT * FROM vue_heart WHERE u_id = ? ) tb ON ta.p_id = tb.p_id LEFT JOIN vue_img tc ON ta.p_name = tc.p_name LEFT JOIN userlist td ON tb.u_id = td.u_id ORDER BY p_like DESC LIMIT ?,8 
23:36:45.366 DEBUG --- [http-nio-9000-exec-4] c.l.e.m.ProductMapper.selectHotList : ==> Parameters: qqq(String), 8(Integer) 
23:36:45.390 DEBUG --- [http-nio-9000-exec-4] c.l.e.m.ProductMapper.selectHotList : <==      Total: 0 
23:36:45.390 INFO  --- [http-nio-9000-exec-4] c.l.e.controller.AuthController : [] 
23:37:48.308 DEBUG --- [http-nio-9000-exec-6] c.l.e.m.ProductMapper.selectHotList : ==>  Preparing: SELECT * FROM vue_product ta LEFT JOIN ( SELECT * FROM vue_heart WHERE u_id = ? ) tb ON ta.p_id = tb.p_id LEFT JOIN vue_img tc ON ta.p_name = tc.p_name LEFT JOIN userlist td ON tb.u_id = td.u_id ORDER BY p_like DESC LIMIT ?,8 
23:37:48.309 DEBUG --- [http-nio-9000-exec-6] c.l.e.m.ProductMapper.selectHotList : ==> Parameters: qqq(String), 0(Integer) 
23:37:48.332 TRACE --- [http-nio-9000-exec-6] c.l.e.m.ProductMapper.selectHotList : <==    Columns: p_id, p_name, p_date, p_price, p_from, p_brand, p_like, p_quantity, h_id, p_id, u_id, i_id, i_name, p_name, u_id, u_password, u_name, u_phone, u_datetime, u_isAccountNonExpired, u_isAccountNonLocked, u_isCredentialNonExpired, u_isEnabled 
23:37:48.333 TRACE --- [http-nio-9000-exec-6] c.l.e.m.ProductMapper.selectHotList : <==        Row: 263, Test 4, 2021-09-07 07:27:31, 30000, Test 4 , Test 4, 5, 50, null, null, null, 240, 20210907162731쇼핑몰 예시 3.PNG, Test 4, null, null, null, null, null, null, null, null, null 
23:37:48.334 TRACE --- [http-nio-9000-exec-6] c.l.e.m.ProductMapper.selectHotList : <==        Row: 261, Test 2, 2021-09-07 07:26:38, 30000, Test 2 , Test 2, 4, 50, null, null, null, 238, 20210907162639쇼핑몰 예시 1 - 복사본 - 복사본.PNG, Test 2, null, null, null, null, null, null, null, null, null 
23:37:48.335 TRACE --- [http-nio-9000-exec-6] c.l.e.m.ProductMapper.selectHotList : <==        Row: 264, Test 5, 2021-09-07 07:27:54, 30000, Test 5, Test 5, 3, 50, null, null, null, 241, 20210907162755쇼핑몰 예시 4.PNG, Test 5, null, null, null, null, null, null, null, null, null 
23:37:48.335 TRACE --- [http-nio-9000-exec-6] c.l.e.m.ProductMapper.selectHotList : <==        Row: 262, Test 3 , 2021-09-07 07:27:00, 250000, Test 2, Test 2, 2, 50, null, null, null, 239, 20210907162700쇼핑몰 예시 2 - 복사본.PNG, Test 3 , null, null, null, null, null, null, null, null, null 
23:37:48.336 TRACE --- [http-nio-9000-exec-6] c.l.e.m.ProductMapper.selectHotList : <==        Row: 260, Test 1, 2021-09-07 07:26:20, 30000, Test 1, Test 1, 1, 50, null, null, null, 237, 20210907162620쇼핑몰 사진 예시 - 복사본 - 복사본.PNG, Test 1, null, null, null, null, null, null, null, null, null 
23:37:48.337 DEBUG --- [http-nio-9000-exec-6] c.l.e.m.ProductMapper.selectHotList : <==      Total: 5 
23:37:48.338 INFO  --- [http-nio-9000-exec-6] c.l.e.controller.AuthController : [com.lcom_test.example.domain.Product@58b29a33, com.lcom_test.example.domain.Product@1f05bb66, com.lcom_test.example.domain.Product@547858b7, com.lcom_test.example.domain.Product@6b2ffa40, com.lcom_test.example.domain.Product@27808614] 
23:38:31.789 DEBUG --- [http-nio-9000-exec-7] c.l.e.m.ProductMapper.selectHotList : ==>  Preparing: SELECT * FROM vue_product ta LEFT JOIN ( SELECT * FROM vue_heart WHERE u_id = ? ) tb ON ta.p_id = tb.p_id LEFT JOIN vue_img tc ON ta.p_name = tc.p_name LEFT JOIN userlist td ON tb.u_id = td.u_id ORDER BY p_like DESC LIMIT ?,8 
23:38:31.790 DEBUG --- [http-nio-9000-exec-7] c.l.e.m.ProductMapper.selectHotList : ==> Parameters: qqq(String), 8(Integer) 
23:38:31.814 DEBUG --- [http-nio-9000-exec-7] c.l.e.m.ProductMapper.selectHotList : <==      Total: 0 
23:38:31.818 INFO  --- [http-nio-9000-exec-7] c.l.e.controller.AuthController : [] 
23:39:31.998 DEBUG --- [http-nio-9000-exec-9] c.l.e.m.ProductMapper.selectHotList : ==>  Preparing: SELECT * FROM vue_product ta LEFT JOIN ( SELECT * FROM vue_heart WHERE u_id = ? ) tb ON ta.p_id = tb.p_id LEFT JOIN vue_img tc ON ta.p_name = tc.p_name LEFT JOIN userlist td ON tb.u_id = td.u_id ORDER BY p_like DESC LIMIT ?,8 
23:39:31.999 DEBUG --- [http-nio-9000-exec-9] c.l.e.m.ProductMapper.selectHotList : ==> Parameters: qqq(String), 0(Integer) 
23:39:32.022 TRACE --- [http-nio-9000-exec-9] c.l.e.m.ProductMapper.selectHotList : <==    Columns: p_id, p_name, p_date, p_price, p_from, p_brand, p_like, p_quantity, h_id, p_id, u_id, i_id, i_name, p_name, u_id, u_password, u_name, u_phone, u_datetime, u_isAccountNonExpired, u_isAccountNonLocked, u_isCredentialNonExpired, u_isEnabled 
23:39:32.023 TRACE --- [http-nio-9000-exec-9] c.l.e.m.ProductMapper.selectHotList : <==        Row: 263, Test 4, 2021-09-07 07:27:31, 30000, Test 4 , Test 4, 5, 50, null, null, null, 240, 20210907162731쇼핑몰 예시 3.PNG, Test 4, null, null, null, null, null, null, null, null, null 
23:39:32.027 TRACE --- [http-nio-9000-exec-9] c.l.e.m.ProductMapper.selectHotList : <==        Row: 261, Test 2, 2021-09-07 07:26:38, 30000, Test 2 , Test 2, 4, 50, null, null, null, 238, 20210907162639쇼핑몰 예시 1 - 복사본 - 복사본.PNG, Test 2, null, null, null, null, null, null, null, null, null 
23:39:32.029 TRACE --- [http-nio-9000-exec-9] c.l.e.m.ProductMapper.selectHotList : <==        Row: 264, Test 5, 2021-09-07 07:27:54, 30000, Test 5, Test 5, 3, 50, null, null, null, 241, 20210907162755쇼핑몰 예시 4.PNG, Test 5, null, null, null, null, null, null, null, null, null 
23:39:32.031 TRACE --- [http-nio-9000-exec-9] c.l.e.m.ProductMapper.selectHotList : <==        Row: 262, Test 3 , 2021-09-07 07:27:00, 250000, Test 2, Test 2, 2, 50, null, null, null, 239, 20210907162700쇼핑몰 예시 2 - 복사본.PNG, Test 3 , null, null, null, null, null, null, null, null, null 
23:39:32.032 TRACE --- [http-nio-9000-exec-9] c.l.e.m.ProductMapper.selectHotList : <==        Row: 260, Test 1, 2021-09-07 07:26:20, 30000, Test 1, Test 1, 1, 50, null, null, null, 237, 20210907162620쇼핑몰 사진 예시 - 복사본 - 복사본.PNG, Test 1, null, null, null, null, null, null, null, null, null 
23:39:32.033 DEBUG --- [http-nio-9000-exec-9] c.l.e.m.ProductMapper.selectHotList : <==      Total: 5 
23:39:32.034 INFO  --- [http-nio-9000-exec-9] c.l.e.controller.AuthController : [com.lcom_test.example.domain.Product@6ed8f2ea, com.lcom_test.example.domain.Product@5d326b57, com.lcom_test.example.domain.Product@517c76f, com.lcom_test.example.domain.Product@3ea55ae6, com.lcom_test.example.domain.Product@1743a07a] 
23:41:16.093 DEBUG --- [http-nio-9000-exec-2] c.l.e.m.ProductMapper.selectHotList : ==>  Preparing: SELECT * FROM vue_product ta LEFT JOIN ( SELECT * FROM vue_heart WHERE u_id = ? ) tb ON ta.p_id = tb.p_id LEFT JOIN vue_img tc ON ta.p_name = tc.p_name LEFT JOIN userlist td ON tb.u_id = td.u_id ORDER BY p_like DESC LIMIT ?,8 
23:41:16.095 DEBUG --- [http-nio-9000-exec-2] c.l.e.m.ProductMapper.selectHotList : ==> Parameters: qqq(String), 0(Integer) 
23:41:16.116 TRACE --- [http-nio-9000-exec-2] c.l.e.m.ProductMapper.selectHotList : <==    Columns: p_id, p_name, p_date, p_price, p_from, p_brand, p_like, p_quantity, h_id, p_id, u_id, i_id, i_name, p_name, u_id, u_password, u_name, u_phone, u_datetime, u_isAccountNonExpired, u_isAccountNonLocked, u_isCredentialNonExpired, u_isEnabled 
23:41:16.117 TRACE --- [http-nio-9000-exec-2] c.l.e.m.ProductMapper.selectHotList : <==        Row: 263, Test 4, 2021-09-07 07:27:31, 30000, Test 4 , Test 4, 5, 50, null, null, null, 240, 20210907162731쇼핑몰 예시 3.PNG, Test 4, null, null, null, null, null, null, null, null, null 
23:41:16.118 TRACE --- [http-nio-9000-exec-2] c.l.e.m.ProductMapper.selectHotList : <==        Row: 261, Test 2, 2021-09-07 07:26:38, 30000, Test 2 , Test 2, 4, 50, null, null, null, 238, 20210907162639쇼핑몰 예시 1 - 복사본 - 복사본.PNG, Test 2, null, null, null, null, null, null, null, null, null 
23:41:16.118 TRACE --- [http-nio-9000-exec-2] c.l.e.m.ProductMapper.selectHotList : <==        Row: 264, Test 5, 2021-09-07 07:27:54, 30000, Test 5, Test 5, 3, 50, null, null, null, 241, 20210907162755쇼핑몰 예시 4.PNG, Test 5, null, null, null, null, null, null, null, null, null 
23:41:16.119 TRACE --- [http-nio-9000-exec-2] c.l.e.m.ProductMapper.selectHotList : <==        Row: 262, Test 3 , 2021-09-07 07:27:00, 250000, Test 2, Test 2, 2, 50, null, null, null, 239, 20210907162700쇼핑몰 예시 2 - 복사본.PNG, Test 3 , null, null, null, null, null, null, null, null, null 
23:41:16.120 TRACE --- [http-nio-9000-exec-2] c.l.e.m.ProductMapper.selectHotList : <==        Row: 260, Test 1, 2021-09-07 07:26:20, 30000, Test 1, Test 1, 1, 50, null, null, null, 237, 20210907162620쇼핑몰 사진 예시 - 복사본 - 복사본.PNG, Test 1, null, null, null, null, null, null, null, null, null 
23:41:16.120 DEBUG --- [http-nio-9000-exec-2] c.l.e.m.ProductMapper.selectHotList : <==      Total: 5 
23:41:16.121 INFO  --- [http-nio-9000-exec-2] c.l.e.controller.AuthController : [com.lcom_test.example.domain.Product@2c7b3c7e, com.lcom_test.example.domain.Product@41b56658, com.lcom_test.example.domain.Product@1d9d9435, com.lcom_test.example.domain.Product@39b990b4, com.lcom_test.example.domain.Product@4c54c331] 
23:41:55.595 DEBUG --- [http-nio-9000-exec-1] c.l.e.m.ProductMapper.selectHotList : ==>  Preparing: SELECT * FROM vue_product ta LEFT JOIN ( SELECT * FROM vue_heart WHERE u_id = ? ) tb ON ta.p_id = tb.p_id LEFT JOIN vue_img tc ON ta.p_name = tc.p_name LEFT JOIN userlist td ON tb.u_id = td.u_id ORDER BY p_like DESC LIMIT ?,8 
23:41:55.595 DEBUG --- [http-nio-9000-exec-1] c.l.e.m.ProductMapper.selectHotList : ==> Parameters: qqq(String), 0(Integer) 
23:41:55.611 TRACE --- [http-nio-9000-exec-1] c.l.e.m.ProductMapper.selectHotList : <==    Columns: p_id, p_name, p_date, p_price, p_from, p_brand, p_like, p_quantity, h_id, p_id, u_id, i_id, i_name, p_name, u_id, u_password, u_name, u_phone, u_datetime, u_isAccountNonExpired, u_isAccountNonLocked, u_isCredentialNonExpired, u_isEnabled 
23:41:55.613 TRACE --- [http-nio-9000-exec-1] c.l.e.m.ProductMapper.selectHotList : <==        Row: 263, Test 4, 2021-09-07 07:27:31, 30000, Test 4 , Test 4, 5, 50, null, null, null, 240, 20210907162731쇼핑몰 예시 3.PNG, Test 4, null, null, null, null, null, null, null, null, null 
23:41:55.615 TRACE --- [http-nio-9000-exec-1] c.l.e.m.ProductMapper.selectHotList : <==        Row: 261, Test 2, 2021-09-07 07:26:38, 30000, Test 2 , Test 2, 4, 50, null, null, null, 238, 20210907162639쇼핑몰 예시 1 - 복사본 - 복사본.PNG, Test 2, null, null, null, null, null, null, null, null, null 
23:41:55.617 TRACE --- [http-nio-9000-exec-1] c.l.e.m.ProductMapper.selectHotList : <==        Row: 264, Test 5, 2021-09-07 07:27:54, 30000, Test 5, Test 5, 3, 50, null, null, null, 241, 20210907162755쇼핑몰 예시 4.PNG, Test 5, null, null, null, null, null, null, null, null, null 
23:41:55.619 TRACE --- [http-nio-9000-exec-1] c.l.e.m.ProductMapper.selectHotList : <==        Row: 262, Test 3 , 2021-09-07 07:27:00, 250000, Test 2, Test 2, 2, 50, null, null, null, 239, 20210907162700쇼핑몰 예시 2 - 복사본.PNG, Test 3 , null, null, null, null, null, null, null, null, null 
23:41:55.620 TRACE --- [http-nio-9000-exec-1] c.l.e.m.ProductMapper.selectHotList : <==        Row: 260, Test 1, 2021-09-07 07:26:20, 30000, Test 1, Test 1, 1, 50, null, null, null, 237, 20210907162620쇼핑몰 사진 예시 - 복사본 - 복사본.PNG, Test 1, null, null, null, null, null, null, null, null, null 
23:41:55.621 DEBUG --- [http-nio-9000-exec-1] c.l.e.m.ProductMapper.selectHotList : <==      Total: 5 
23:41:55.621 INFO  --- [http-nio-9000-exec-1] c.l.e.controller.AuthController : [com.lcom_test.example.domain.Product@1ec2d82d, com.lcom_test.example.domain.Product@1d5e5cb8, com.lcom_test.example.domain.Product@ac39c09, com.lcom_test.example.domain.Product@37c22167, com.lcom_test.example.domain.Product@3fc99402] 
23:42:09.576 DEBUG --- [http-nio-9000-exec-3] c.l.e.m.ProductMapper.selectHotList : ==>  Preparing: SELECT * FROM vue_product ta LEFT JOIN ( SELECT * FROM vue_heart WHERE u_id = ? ) tb ON ta.p_id = tb.p_id LEFT JOIN vue_img tc ON ta.p_name = tc.p_name LEFT JOIN userlist td ON tb.u_id = td.u_id ORDER BY p_like DESC LIMIT ?,8 
23:42:09.577 DEBUG --- [http-nio-9000-exec-3] c.l.e.m.ProductMapper.selectHotList : ==> Parameters: qqq(String), 0(Integer) 
23:42:09.609 TRACE --- [http-nio-9000-exec-3] c.l.e.m.ProductMapper.selectHotList : <==    Columns: p_id, p_name, p_date, p_price, p_from, p_brand, p_like, p_quantity, h_id, p_id, u_id, i_id, i_name, p_name, u_id, u_password, u_name, u_phone, u_datetime, u_isAccountNonExpired, u_isAccountNonLocked, u_isCredentialNonExpired, u_isEnabled 
23:42:09.610 TRACE --- [http-nio-9000-exec-3] c.l.e.m.ProductMapper.selectHotList : <==        Row: 263, Test 4, 2021-09-07 07:27:31, 30000, Test 4 , Test 4, 5, 50, null, null, null, 240, 20210907162731쇼핑몰 예시 3.PNG, Test 4, null, null, null, null, null, null, null, null, null 
23:42:09.612 TRACE --- [http-nio-9000-exec-3] c.l.e.m.ProductMapper.selectHotList : <==        Row: 261, Test 2, 2021-09-07 07:26:38, 30000, Test 2 , Test 2, 4, 50, null, null, null, 238, 20210907162639쇼핑몰 예시 1 - 복사본 - 복사본.PNG, Test 2, null, null, null, null, null, null, null, null, null 
23:42:09.614 TRACE --- [http-nio-9000-exec-3] c.l.e.m.ProductMapper.selectHotList : <==        Row: 264, Test 5, 2021-09-07 07:27:54, 30000, Test 5, Test 5, 3, 50, null, null, null, 241, 20210907162755쇼핑몰 예시 4.PNG, Test 5, null, null, null, null, null, null, null, null, null 
23:42:09.617 TRACE --- [http-nio-9000-exec-3] c.l.e.m.ProductMapper.selectHotList : <==        Row: 262, Test 3 , 2021-09-07 07:27:00, 250000, Test 2, Test 2, 2, 50, null, null, null, 239, 20210907162700쇼핑몰 예시 2 - 복사본.PNG, Test 3 , null, null, null, null, null, null, null, null, null 
23:42:09.619 TRACE --- [http-nio-9000-exec-3] c.l.e.m.ProductMapper.selectHotList : <==        Row: 260, Test 1, 2021-09-07 07:26:20, 30000, Test 1, Test 1, 1, 50, null, null, null, 237, 20210907162620쇼핑몰 사진 예시 - 복사본 - 복사본.PNG, Test 1, null, null, null, null, null, null, null, null, null 
23:42:09.620 DEBUG --- [http-nio-9000-exec-3] c.l.e.m.ProductMapper.selectHotList : <==      Total: 5 
23:42:09.621 INFO  --- [http-nio-9000-exec-3] c.l.e.controller.AuthController : [com.lcom_test.example.domain.Product@6bae163, com.lcom_test.example.domain.Product@e21bf24, com.lcom_test.example.domain.Product@3475ecb4, com.lcom_test.example.domain.Product@3cb606d4, com.lcom_test.example.domain.Product@6d5649d8] 
23:43:09.455 DEBUG --- [http-nio-9000-exec-4] c.l.e.m.ProductMapper.selectHotList : ==>  Preparing: SELECT * FROM vue_product ta LEFT JOIN ( SELECT * FROM vue_heart WHERE u_id = ? ) tb ON ta.p_id = tb.p_id LEFT JOIN vue_img tc ON ta.p_name = tc.p_name LEFT JOIN userlist td ON tb.u_id = td.u_id ORDER BY p_like DESC LIMIT ?,8 
23:43:09.455 DEBUG --- [http-nio-9000-exec-4] c.l.e.m.ProductMapper.selectHotList : ==> Parameters: qqq(String), 0(Integer) 
23:43:09.473 TRACE --- [http-nio-9000-exec-4] c.l.e.m.ProductMapper.selectHotList : <==    Columns: p_id, p_name, p_date, p_price, p_from, p_brand, p_like, p_quantity, h_id, p_id, u_id, i_id, i_name, p_name, u_id, u_password, u_name, u_phone, u_datetime, u_isAccountNonExpired, u_isAccountNonLocked, u_isCredentialNonExpired, u_isEnabled 
23:43:09.474 TRACE --- [http-nio-9000-exec-4] c.l.e.m.ProductMapper.selectHotList : <==        Row: 263, Test 4, 2021-09-07 07:27:31, 30000, Test 4 , Test 4, 5, 50, null, null, null, 240, 20210907162731쇼핑몰 예시 3.PNG, Test 4, null, null, null, null, null, null, null, null, null 
23:43:09.477 TRACE --- [http-nio-9000-exec-4] c.l.e.m.ProductMapper.selectHotList : <==        Row: 261, Test 2, 2021-09-07 07:26:38, 30000, Test 2 , Test 2, 4, 50, null, null, null, 238, 20210907162639쇼핑몰 예시 1 - 복사본 - 복사본.PNG, Test 2, null, null, null, null, null, null, null, null, null 
23:43:09.479 TRACE --- [http-nio-9000-exec-4] c.l.e.m.ProductMapper.selectHotList : <==        Row: 264, Test 5, 2021-09-07 07:27:54, 30000, Test 5, Test 5, 3, 50, null, null, null, 241, 20210907162755쇼핑몰 예시 4.PNG, Test 5, null, null, null, null, null, null, null, null, null 
23:43:09.481 TRACE --- [http-nio-9000-exec-4] c.l.e.m.ProductMapper.selectHotList : <==        Row: 262, Test 3 , 2021-09-07 07:27:00, 250000, Test 2, Test 2, 2, 50, null, null, null, 239, 20210907162700쇼핑몰 예시 2 - 복사본.PNG, Test 3 , null, null, null, null, null, null, null, null, null 
23:43:09.483 TRACE --- [http-nio-9000-exec-4] c.l.e.m.ProductMapper.selectHotList : <==        Row: 260, Test 1, 2021-09-07 07:26:20, 30000, Test 1, Test 1, 1, 50, null, null, null, 237, 20210907162620쇼핑몰 사진 예시 - 복사본 - 복사본.PNG, Test 1, null, null, null, null, null, null, null, null, null 
23:43:09.484 DEBUG --- [http-nio-9000-exec-4] c.l.e.m.ProductMapper.selectHotList : <==      Total: 5 
23:43:09.484 INFO  --- [http-nio-9000-exec-4] c.l.e.controller.AuthController : [com.lcom_test.example.domain.Product@357d519d, com.lcom_test.example.domain.Product@21e6e1ca, com.lcom_test.example.domain.Product@7842efd4, com.lcom_test.example.domain.Product@7a49c395, com.lcom_test.example.domain.Product@25e784f8] 
23:43:28.494 DEBUG --- [http-nio-9000-exec-5] c.l.e.m.ProductMapper.selectHotList : ==>  Preparing: SELECT * FROM vue_product ta LEFT JOIN ( SELECT * FROM vue_heart WHERE u_id = ? ) tb ON ta.p_id = tb.p_id LEFT JOIN vue_img tc ON ta.p_name = tc.p_name LEFT JOIN userlist td ON tb.u_id = td.u_id ORDER BY p_like DESC LIMIT ?,8 
23:43:28.495 DEBUG --- [http-nio-9000-exec-5] c.l.e.m.ProductMapper.selectHotList : ==> Parameters: qqq(String), 0(Integer) 
23:43:28.513 TRACE --- [http-nio-9000-exec-5] c.l.e.m.ProductMapper.selectHotList : <==    Columns: p_id, p_name, p_date, p_price, p_from, p_brand, p_like, p_quantity, h_id, p_id, u_id, i_id, i_name, p_name, u_id, u_password, u_name, u_phone, u_datetime, u_isAccountNonExpired, u_isAccountNonLocked, u_isCredentialNonExpired, u_isEnabled 
23:43:28.514 TRACE --- [http-nio-9000-exec-5] c.l.e.m.ProductMapper.selectHotList : <==        Row: 263, Test 4, 2021-09-07 07:27:31, 30000, Test 4 , Test 4, 5, 50, null, null, null, 240, 20210907162731쇼핑몰 예시 3.PNG, Test 4, null, null, null, null, null, null, null, null, null 
23:43:28.517 TRACE --- [http-nio-9000-exec-5] c.l.e.m.ProductMapper.selectHotList : <==        Row: 261, Test 2, 2021-09-07 07:26:38, 30000, Test 2 , Test 2, 4, 50, null, null, null, 238, 20210907162639쇼핑몰 예시 1 - 복사본 - 복사본.PNG, Test 2, null, null, null, null, null, null, null, null, null 
23:43:28.520 TRACE --- [http-nio-9000-exec-5] c.l.e.m.ProductMapper.selectHotList : <==        Row: 264, Test 5, 2021-09-07 07:27:54, 30000, Test 5, Test 5, 3, 50, null, null, null, 241, 20210907162755쇼핑몰 예시 4.PNG, Test 5, null, null, null, null, null, null, null, null, null 
23:43:28.522 TRACE --- [http-nio-9000-exec-5] c.l.e.m.ProductMapper.selectHotList : <==        Row: 262, Test 3 , 2021-09-07 07:27:00, 250000, Test 2, Test 2, 2, 50, null, null, null, 239, 20210907162700쇼핑몰 예시 2 - 복사본.PNG, Test 3 , null, null, null, null, null, null, null, null, null 
23:43:28.525 TRACE --- [http-nio-9000-exec-5] c.l.e.m.ProductMapper.selectHotList : <==        Row: 260, Test 1, 2021-09-07 07:26:20, 30000, Test 1, Test 1, 1, 50, null, null, null, 237, 20210907162620쇼핑몰 사진 예시 - 복사본 - 복사본.PNG, Test 1, null, null, null, null, null, null, null, null, null 
23:43:28.529 DEBUG --- [http-nio-9000-exec-5] c.l.e.m.ProductMapper.selectHotList : <==      Total: 5 
23:43:28.530 INFO  --- [http-nio-9000-exec-5] c.l.e.controller.AuthController : [com.lcom_test.example.domain.Product@284d13db, com.lcom_test.example.domain.Product@2c72920a, com.lcom_test.example.domain.Product@697019e0, com.lcom_test.example.domain.Product@18c07c9d, com.lcom_test.example.domain.Product@58537795] 
23:48:24.160 DEBUG --- [http-nio-9000-exec-7] c.l.e.m.ProductMapper.selectHotList : ==>  Preparing: SELECT * FROM vue_product ta LEFT JOIN ( SELECT * FROM vue_heart WHERE u_id = ? ) tb ON ta.p_id = tb.p_id LEFT JOIN vue_img tc ON ta.p_name = tc.p_name LEFT JOIN userlist td ON tb.u_id = td.u_id ORDER BY p_like DESC LIMIT ?,8 
23:48:24.160 DEBUG --- [http-nio-9000-exec-7] c.l.e.m.ProductMapper.selectHotList : ==> Parameters: qqq(String), 8(Integer) 
23:48:24.194 DEBUG --- [http-nio-9000-exec-7] c.l.e.m.ProductMapper.selectHotList : <==      Total: 0 
23:48:24.194 INFO  --- [http-nio-9000-exec-7] c.l.e.controller.AuthController : [] 
23:49:52.384 DEBUG --- [http-nio-9000-exec-9] c.l.e.m.ProductMapper.selectHotList : ==>  Preparing: SELECT * FROM vue_product ta LEFT JOIN ( SELECT * FROM vue_heart WHERE u_id = ? ) tb ON ta.p_id = tb.p_id LEFT JOIN vue_img tc ON ta.p_name = tc.p_name LEFT JOIN userlist td ON tb.u_id = td.u_id ORDER BY p_like DESC LIMIT ?,8 
23:49:52.384 DEBUG --- [http-nio-9000-exec-9] c.l.e.m.ProductMapper.selectHotList : ==> Parameters: qqq(String), 0(Integer) 
23:49:52.407 TRACE --- [http-nio-9000-exec-9] c.l.e.m.ProductMapper.selectHotList : <==    Columns: p_id, p_name, p_date, p_price, p_from, p_brand, p_like, p_quantity, h_id, p_id, u_id, i_id, i_name, p_name, u_id, u_password, u_name, u_phone, u_datetime, u_isAccountNonExpired, u_isAccountNonLocked, u_isCredentialNonExpired, u_isEnabled 
23:49:52.407 TRACE --- [http-nio-9000-exec-9] c.l.e.m.ProductMapper.selectHotList : <==        Row: 263, Test 4, 2021-09-07 07:27:31, 30000, Test 4 , Test 4, 5, 50, null, null, null, 240, 20210907162731쇼핑몰 예시 3.PNG, Test 4, null, null, null, null, null, null, null, null, null 
23:49:52.408 TRACE --- [http-nio-9000-exec-9] c.l.e.m.ProductMapper.selectHotList : <==        Row: 261, Test 2, 2021-09-07 07:26:38, 30000, Test 2 , Test 2, 4, 50, null, null, null, 238, 20210907162639쇼핑몰 예시 1 - 복사본 - 복사본.PNG, Test 2, null, null, null, null, null, null, null, null, null 
23:49:52.409 TRACE --- [http-nio-9000-exec-9] c.l.e.m.ProductMapper.selectHotList : <==        Row: 264, Test 5, 2021-09-07 07:27:54, 30000, Test 5, Test 5, 3, 50, null, null, null, 241, 20210907162755쇼핑몰 예시 4.PNG, Test 5, null, null, null, null, null, null, null, null, null 
23:49:52.410 TRACE --- [http-nio-9000-exec-9] c.l.e.m.ProductMapper.selectHotList : <==        Row: 262, Test 3 , 2021-09-07 07:27:00, 250000, Test 2, Test 2, 2, 50, null, null, null, 239, 20210907162700쇼핑몰 예시 2 - 복사본.PNG, Test 3 , null, null, null, null, null, null, null, null, null 
23:49:52.411 TRACE --- [http-nio-9000-exec-9] c.l.e.m.ProductMapper.selectHotList : <==        Row: 260, Test 1, 2021-09-07 07:26:20, 30000, Test 1, Test 1, 1, 50, null, null, null, 237, 20210907162620쇼핑몰 사진 예시 - 복사본 - 복사본.PNG, Test 1, null, null, null, null, null, null, null, null, null 
23:49:52.412 DEBUG --- [http-nio-9000-exec-9] c.l.e.m.ProductMapper.selectHotList : <==      Total: 5 
23:49:52.412 INFO  --- [http-nio-9000-exec-9] c.l.e.controller.AuthController : [com.lcom_test.example.domain.Product@5a29506d, com.lcom_test.example.domain.Product@baaab5e, com.lcom_test.example.domain.Product@a139926, com.lcom_test.example.domain.Product@136e7c7c, com.lcom_test.example.domain.Product@3d4ec44] 
23:50:36.634 DEBUG --- [http-nio-9000-exec-10] c.l.e.m.ProductMapper.selectHotList : ==>  Preparing: SELECT * FROM vue_product ta LEFT JOIN ( SELECT * FROM vue_heart WHERE u_id = ? ) tb ON ta.p_id = tb.p_id LEFT JOIN vue_img tc ON ta.p_name = tc.p_name LEFT JOIN userlist td ON tb.u_id = td.u_id ORDER BY p_like DESC LIMIT ?,8 
23:50:36.634 DEBUG --- [http-nio-9000-exec-10] c.l.e.m.ProductMapper.selectHotList : ==> Parameters: qqq(String), 0(Integer) 
23:50:36.661 TRACE --- [http-nio-9000-exec-10] c.l.e.m.ProductMapper.selectHotList : <==    Columns: p_id, p_name, p_date, p_price, p_from, p_brand, p_like, p_quantity, h_id, p_id, u_id, i_id, i_name, p_name, u_id, u_password, u_name, u_phone, u_datetime, u_isAccountNonExpired, u_isAccountNonLocked, u_isCredentialNonExpired, u_isEnabled 
23:50:36.661 TRACE --- [http-nio-9000-exec-10] c.l.e.m.ProductMapper.selectHotList : <==        Row: 263, Test 4, 2021-09-07 07:27:31, 30000, Test 4 , Test 4, 5, 50, null, null, null, 240, 20210907162731쇼핑몰 예시 3.PNG, Test 4, null, null, null, null, null, null, null, null, null 
23:50:36.662 TRACE --- [http-nio-9000-exec-10] c.l.e.m.ProductMapper.selectHotList : <==        Row: 261, Test 2, 2021-09-07 07:26:38, 30000, Test 2 , Test 2, 4, 50, null, null, null, 238, 20210907162639쇼핑몰 예시 1 - 복사본 - 복사본.PNG, Test 2, null, null, null, null, null, null, null, null, null 
23:50:36.662 TRACE --- [http-nio-9000-exec-10] c.l.e.m.ProductMapper.selectHotList : <==        Row: 264, Test 5, 2021-09-07 07:27:54, 30000, Test 5, Test 5, 3, 50, null, null, null, 241, 20210907162755쇼핑몰 예시 4.PNG, Test 5, null, null, null, null, null, null, null, null, null 
23:50:36.663 TRACE --- [http-nio-9000-exec-10] c.l.e.m.ProductMapper.selectHotList : <==        Row: 262, Test 3 , 2021-09-07 07:27:00, 250000, Test 2, Test 2, 2, 50, null, null, null, 239, 20210907162700쇼핑몰 예시 2 - 복사본.PNG, Test 3 , null, null, null, null, null, null, null, null, null 
23:50:36.663 TRACE --- [http-nio-9000-exec-10] c.l.e.m.ProductMapper.selectHotList : <==        Row: 260, Test 1, 2021-09-07 07:26:20, 30000, Test 1, Test 1, 1, 50, null, null, null, 237, 20210907162620쇼핑몰 사진 예시 - 복사본 - 복사본.PNG, Test 1, null, null, null, null, null, null, null, null, null 
23:50:36.664 DEBUG --- [http-nio-9000-exec-10] c.l.e.m.ProductMapper.selectHotList : <==      Total: 5 
23:50:36.664 INFO  --- [http-nio-9000-exec-10] c.l.e.controller.AuthController : [com.lcom_test.example.domain.Product@123f7a66, com.lcom_test.example.domain.Product@33b1b96a, com.lcom_test.example.domain.Product@39c7fdb7, com.lcom_test.example.domain.Product@603ecef5, com.lcom_test.example.domain.Product@93b74de] 
23:52:18.571 DEBUG --- [http-nio-9000-exec-1] c.l.e.m.ProductMapper.selectHotList : ==>  Preparing: SELECT * FROM vue_product ta LEFT JOIN ( SELECT * FROM vue_heart WHERE u_id = ? ) tb ON ta.p_id = tb.p_id LEFT JOIN vue_img tc ON ta.p_name = tc.p_name LEFT JOIN userlist td ON tb.u_id = td.u_id ORDER BY p_like DESC LIMIT ?,8 
23:52:18.572 DEBUG --- [http-nio-9000-exec-1] c.l.e.m.ProductMapper.selectHotList : ==> Parameters: qqq(String), 0(Integer) 
23:52:18.594 TRACE --- [http-nio-9000-exec-1] c.l.e.m.ProductMapper.selectHotList : <==    Columns: p_id, p_name, p_date, p_price, p_from, p_brand, p_like, p_quantity, h_id, p_id, u_id, i_id, i_name, p_name, u_id, u_password, u_name, u_phone, u_datetime, u_isAccountNonExpired, u_isAccountNonLocked, u_isCredentialNonExpired, u_isEnabled 
23:52:18.594 TRACE --- [http-nio-9000-exec-1] c.l.e.m.ProductMapper.selectHotList : <==        Row: 263, Test 4, 2021-09-07 07:27:31, 30000, Test 4 , Test 4, 5, 50, null, null, null, 240, 20210907162731쇼핑몰 예시 3.PNG, Test 4, null, null, null, null, null, null, null, null, null 
23:52:18.595 TRACE --- [http-nio-9000-exec-1] c.l.e.m.ProductMapper.selectHotList : <==        Row: 261, Test 2, 2021-09-07 07:26:38, 30000, Test 2 , Test 2, 4, 50, null, null, null, 238, 20210907162639쇼핑몰 예시 1 - 복사본 - 복사본.PNG, Test 2, null, null, null, null, null, null, null, null, null 
23:52:18.595 TRACE --- [http-nio-9000-exec-1] c.l.e.m.ProductMapper.selectHotList : <==        Row: 264, Test 5, 2021-09-07 07:27:54, 30000, Test 5, Test 5, 3, 50, null, null, null, 241, 20210907162755쇼핑몰 예시 4.PNG, Test 5, null, null, null, null, null, null, null, null, null 
23:52:18.595 TRACE --- [http-nio-9000-exec-1] c.l.e.m.ProductMapper.selectHotList : <==        Row: 262, Test 3 , 2021-09-07 07:27:00, 250000, Test 2, Test 2, 2, 50, null, null, null, 239, 20210907162700쇼핑몰 예시 2 - 복사본.PNG, Test 3 , null, null, null, null, null, null, null, null, null 
23:52:18.596 TRACE --- [http-nio-9000-exec-1] c.l.e.m.ProductMapper.selectHotList : <==        Row: 260, Test 1, 2021-09-07 07:26:20, 30000, Test 1, Test 1, 1, 50, null, null, null, 237, 20210907162620쇼핑몰 사진 예시 - 복사본 - 복사본.PNG, Test 1, null, null, null, null, null, null, null, null, null 
23:52:18.596 DEBUG --- [http-nio-9000-exec-1] c.l.e.m.ProductMapper.selectHotList : <==      Total: 5 
23:52:18.596 INFO  --- [http-nio-9000-exec-1] c.l.e.controller.AuthController : [com.lcom_test.example.domain.Product@72b9e3ac, com.lcom_test.example.domain.Product@13ed0ef8, com.lcom_test.example.domain.Product@7eb3963b, com.lcom_test.example.domain.Product@2a175427, com.lcom_test.example.domain.Product@178e664a] 
23:53:37.262 DEBUG --- [http-nio-9000-exec-4] c.l.e.m.ProductMapper.selectHotList : ==>  Preparing: SELECT * FROM vue_product ta LEFT JOIN ( SELECT * FROM vue_heart WHERE u_id = ? ) tb ON ta.p_id = tb.p_id LEFT JOIN vue_img tc ON ta.p_name = tc.p_name LEFT JOIN userlist td ON tb.u_id = td.u_id ORDER BY p_like DESC LIMIT ?,8 
23:53:37.263 DEBUG --- [http-nio-9000-exec-4] c.l.e.m.ProductMapper.selectHotList : ==> Parameters: qqq(String), 8(Integer) 
23:53:37.279 DEBUG --- [http-nio-9000-exec-4] c.l.e.m.ProductMapper.selectHotList : <==      Total: 0 
23:53:37.279 INFO  --- [http-nio-9000-exec-4] c.l.e.controller.AuthController : [] 
23:54:33.499 DEBUG --- [http-nio-9000-exec-5] c.l.e.m.ProductMapper.selectHotList : ==>  Preparing: SELECT * FROM vue_product ta LEFT JOIN ( SELECT * FROM vue_heart WHERE u_id = ? ) tb ON ta.p_id = tb.p_id LEFT JOIN vue_img tc ON ta.p_name = tc.p_name LEFT JOIN userlist td ON tb.u_id = td.u_id ORDER BY p_like DESC LIMIT ?,8 
23:54:33.499 DEBUG --- [http-nio-9000-exec-5] c.l.e.m.ProductMapper.selectHotList : ==> Parameters: qqq(String), 0(Integer) 
23:54:33.516 TRACE --- [http-nio-9000-exec-5] c.l.e.m.ProductMapper.selectHotList : <==    Columns: p_id, p_name, p_date, p_price, p_from, p_brand, p_like, p_quantity, h_id, p_id, u_id, i_id, i_name, p_name, u_id, u_password, u_name, u_phone, u_datetime, u_isAccountNonExpired, u_isAccountNonLocked, u_isCredentialNonExpired, u_isEnabled 
23:54:33.516 TRACE --- [http-nio-9000-exec-5] c.l.e.m.ProductMapper.selectHotList : <==        Row: 263, Test 4, 2021-09-07 07:27:31, 30000, Test 4 , Test 4, 5, 50, null, null, null, 240, 20210907162731쇼핑몰 예시 3.PNG, Test 4, null, null, null, null, null, null, null, null, null 
23:54:33.518 TRACE --- [http-nio-9000-exec-5] c.l.e.m.ProductMapper.selectHotList : <==        Row: 261, Test 2, 2021-09-07 07:26:38, 30000, Test 2 , Test 2, 4, 50, null, null, null, 238, 20210907162639쇼핑몰 예시 1 - 복사본 - 복사본.PNG, Test 2, null, null, null, null, null, null, null, null, null 
23:54:33.518 TRACE --- [http-nio-9000-exec-5] c.l.e.m.ProductMapper.selectHotList : <==        Row: 264, Test 5, 2021-09-07 07:27:54, 30000, Test 5, Test 5, 3, 50, null, null, null, 241, 20210907162755쇼핑몰 예시 4.PNG, Test 5, null, null, null, null, null, null, null, null, null 
23:54:33.520 TRACE --- [http-nio-9000-exec-5] c.l.e.m.ProductMapper.selectHotList : <==        Row: 262, Test 3 , 2021-09-07 07:27:00, 250000, Test 2, Test 2, 2, 50, null, null, null, 239, 20210907162700쇼핑몰 예시 2 - 복사본.PNG, Test 3 , null, null, null, null, null, null, null, null, null 
23:54:33.521 TRACE --- [http-nio-9000-exec-5] c.l.e.m.ProductMapper.selectHotList : <==        Row: 260, Test 1, 2021-09-07 07:26:20, 30000, Test 1, Test 1, 1, 50, null, null, null, 237, 20210907162620쇼핑몰 사진 예시 - 복사본 - 복사본.PNG, Test 1, null, null, null, null, null, null, null, null, null 
23:54:33.522 DEBUG --- [http-nio-9000-exec-5] c.l.e.m.ProductMapper.selectHotList : <==      Total: 5 
23:54:33.523 INFO  --- [http-nio-9000-exec-5] c.l.e.controller.AuthController : [com.lcom_test.example.domain.Product@95fe6af, com.lcom_test.example.domain.Product@12e0478d, com.lcom_test.example.domain.Product@514c759b, com.lcom_test.example.domain.Product@7b0de011, com.lcom_test.example.domain.Product@d111b41] 
23:56:12.076 DEBUG --- [http-nio-9000-exec-7] c.l.e.m.ProductMapper.selectHotList : ==>  Preparing: SELECT * FROM vue_product ta LEFT JOIN ( SELECT * FROM vue_heart WHERE u_id = ? ) tb ON ta.p_id = tb.p_id LEFT JOIN vue_img tc ON ta.p_name = tc.p_name LEFT JOIN userlist td ON tb.u_id = td.u_id ORDER BY p_like DESC LIMIT ?,8 
23:56:12.076 DEBUG --- [http-nio-9000-exec-7] c.l.e.m.ProductMapper.selectHotList : ==> Parameters: qqq(String), 0(Integer) 
23:56:12.093 TRACE --- [http-nio-9000-exec-7] c.l.e.m.ProductMapper.selectHotList : <==    Columns: p_id, p_name, p_date, p_price, p_from, p_brand, p_like, p_quantity, h_id, p_id, u_id, i_id, i_name, p_name, u_id, u_password, u_name, u_phone, u_datetime, u_isAccountNonExpired, u_isAccountNonLocked, u_isCredentialNonExpired, u_isEnabled 
23:56:12.093 TRACE --- [http-nio-9000-exec-7] c.l.e.m.ProductMapper.selectHotList : <==        Row: 263, Test 4, 2021-09-07 07:27:31, 30000, Test 4 , Test 4, 5, 50, null, null, null, 240, 20210907162731쇼핑몰 예시 3.PNG, Test 4, null, null, null, null, null, null, null, null, null 
23:56:12.094 TRACE --- [http-nio-9000-exec-7] c.l.e.m.ProductMapper.selectHotList : <==        Row: 261, Test 2, 2021-09-07 07:26:38, 30000, Test 2 , Test 2, 4, 50, null, null, null, 238, 20210907162639쇼핑몰 예시 1 - 복사본 - 복사본.PNG, Test 2, null, null, null, null, null, null, null, null, null 
23:56:12.094 TRACE --- [http-nio-9000-exec-7] c.l.e.m.ProductMapper.selectHotList : <==        Row: 264, Test 5, 2021-09-07 07:27:54, 30000, Test 5, Test 5, 3, 50, null, null, null, 241, 20210907162755쇼핑몰 예시 4.PNG, Test 5, null, null, null, null, null, null, null, null, null 
23:56:12.095 TRACE --- [http-nio-9000-exec-7] c.l.e.m.ProductMapper.selectHotList : <==        Row: 262, Test 3 , 2021-09-07 07:27:00, 250000, Test 2, Test 2, 2, 50, null, null, null, 239, 20210907162700쇼핑몰 예시 2 - 복사본.PNG, Test 3 , null, null, null, null, null, null, null, null, null 
23:56:12.095 TRACE --- [http-nio-9000-exec-7] c.l.e.m.ProductMapper.selectHotList : <==        Row: 260, Test 1, 2021-09-07 07:26:20, 30000, Test 1, Test 1, 1, 50, null, null, null, 237, 20210907162620쇼핑몰 사진 예시 - 복사본 - 복사본.PNG, Test 1, null, null, null, null, null, null, null, null, null 
23:56:12.096 DEBUG --- [http-nio-9000-exec-7] c.l.e.m.ProductMapper.selectHotList : <==      Total: 5 
23:56:12.096 INFO  --- [http-nio-9000-exec-7] c.l.e.controller.AuthController : [com.lcom_test.example.domain.Product@3a1e260e, com.lcom_test.example.domain.Product@38e04f7d, com.lcom_test.example.domain.Product@25715715, com.lcom_test.example.domain.Product@76bc46b9, com.lcom_test.example.domain.Product@3d593036] 
23:56:45.495 DEBUG --- [http-nio-9000-exec-8] c.l.e.m.ProductMapper.selectHotList : ==>  Preparing: SELECT * FROM vue_product ta LEFT JOIN ( SELECT * FROM vue_heart WHERE u_id = ? ) tb ON ta.p_id = tb.p_id LEFT JOIN vue_img tc ON ta.p_name = tc.p_name LEFT JOIN userlist td ON tb.u_id = td.u_id ORDER BY p_like DESC LIMIT ?,8 
23:56:45.496 DEBUG --- [http-nio-9000-exec-8] c.l.e.m.ProductMapper.selectHotList : ==> Parameters: qqq(String), 0(Integer) 
23:56:45.520 TRACE --- [http-nio-9000-exec-8] c.l.e.m.ProductMapper.selectHotList : <==    Columns: p_id, p_name, p_date, p_price, p_from, p_brand, p_like, p_quantity, h_id, p_id, u_id, i_id, i_name, p_name, u_id, u_password, u_name, u_phone, u_datetime, u_isAccountNonExpired, u_isAccountNonLocked, u_isCredentialNonExpired, u_isEnabled 
23:56:45.520 TRACE --- [http-nio-9000-exec-8] c.l.e.m.ProductMapper.selectHotList : <==        Row: 263, Test 4, 2021-09-07 07:27:31, 30000, Test 4 , Test 4, 5, 50, null, null, null, 240, 20210907162731쇼핑몰 예시 3.PNG, Test 4, null, null, null, null, null, null, null, null, null 
23:56:45.521 TRACE --- [http-nio-9000-exec-8] c.l.e.m.ProductMapper.selectHotList : <==        Row: 261, Test 2, 2021-09-07 07:26:38, 30000, Test 2 , Test 2, 4, 50, null, null, null, 238, 20210907162639쇼핑몰 예시 1 - 복사본 - 복사본.PNG, Test 2, null, null, null, null, null, null, null, null, null 
23:56:45.522 TRACE --- [http-nio-9000-exec-8] c.l.e.m.ProductMapper.selectHotList : <==        Row: 264, Test 5, 2021-09-07 07:27:54, 30000, Test 5, Test 5, 3, 50, null, null, null, 241, 20210907162755쇼핑몰 예시 4.PNG, Test 5, null, null, null, null, null, null, null, null, null 
23:56:45.522 TRACE --- [http-nio-9000-exec-8] c.l.e.m.ProductMapper.selectHotList : <==        Row: 262, Test 3 , 2021-09-07 07:27:00, 250000, Test 2, Test 2, 2, 50, null, null, null, 239, 20210907162700쇼핑몰 예시 2 - 복사본.PNG, Test 3 , null, null, null, null, null, null, null, null, null 
23:56:45.523 TRACE --- [http-nio-9000-exec-8] c.l.e.m.ProductMapper.selectHotList : <==        Row: 260, Test 1, 2021-09-07 07:26:20, 30000, Test 1, Test 1, 1, 50, null, null, null, 237, 20210907162620쇼핑몰 사진 예시 - 복사본 - 복사본.PNG, Test 1, null, null, null, null, null, null, null, null, null 
23:56:45.523 DEBUG --- [http-nio-9000-exec-8] c.l.e.m.ProductMapper.selectHotList : <==      Total: 5 
23:56:45.523 INFO  --- [http-nio-9000-exec-8] c.l.e.controller.AuthController : [com.lcom_test.example.domain.Product@1d3fd7a6, com.lcom_test.example.domain.Product@190050d9, com.lcom_test.example.domain.Product@5c02dd9d, com.lcom_test.example.domain.Product@e7580c7, com.lcom_test.example.domain.Product@6d14e448] 
23:57:14.693 DEBUG --- [http-nio-9000-exec-9] c.l.e.m.ProductMapper.selectHotList : ==>  Preparing: SELECT * FROM vue_product ta LEFT JOIN ( SELECT * FROM vue_heart WHERE u_id = ? ) tb ON ta.p_id = tb.p_id LEFT JOIN vue_img tc ON ta.p_name = tc.p_name LEFT JOIN userlist td ON tb.u_id = td.u_id ORDER BY p_like DESC LIMIT ?,8 
23:57:14.694 DEBUG --- [http-nio-9000-exec-9] c.l.e.m.ProductMapper.selectHotList : ==> Parameters: qqq(String), 8(Integer) 
23:57:14.711 DEBUG --- [http-nio-9000-exec-9] c.l.e.m.ProductMapper.selectHotList : <==      Total: 0 
23:57:14.711 INFO  --- [http-nio-9000-exec-9] c.l.e.controller.AuthController : [] 
23:59:26.917 DEBUG --- [http-nio-9000-exec-2] c.l.e.m.ProductMapper.selectHotList : ==>  Preparing: SELECT * FROM vue_product ta LEFT JOIN ( SELECT * FROM vue_heart WHERE u_id = ? ) tb ON ta.p_id = tb.p_id LEFT JOIN vue_img tc ON ta.p_name = tc.p_name LEFT JOIN userlist td ON tb.u_id = td.u_id ORDER BY p_like DESC LIMIT ?,8 
23:59:26.918 DEBUG --- [http-nio-9000-exec-2] c.l.e.m.ProductMapper.selectHotList : ==> Parameters: qqq(String), 0(Integer) 
23:59:26.928 DEBUG --- [http-nio-9000-exec-1] c.l.e.m.ProductMapper.selectHotList : ==>  Preparing: SELECT * FROM vue_product ta LEFT JOIN ( SELECT * FROM vue_heart WHERE u_id = ? ) tb ON ta.p_id = tb.p_id LEFT JOIN vue_img tc ON ta.p_name = tc.p_name LEFT JOIN userlist td ON tb.u_id = td.u_id ORDER BY p_like DESC LIMIT ?,8 
23:59:26.928 DEBUG --- [http-nio-9000-exec-1] c.l.e.m.ProductMapper.selectHotList : ==> Parameters: qqq(String), 8(Integer) 
23:59:26.937 TRACE --- [http-nio-9000-exec-2] c.l.e.m.ProductMapper.selectHotList : <==    Columns: p_id, p_name, p_date, p_price, p_from, p_brand, p_like, p_quantity, h_id, p_id, u_id, i_id, i_name, p_name, u_id, u_password, u_name, u_phone, u_datetime, u_isAccountNonExpired, u_isAccountNonLocked, u_isCredentialNonExpired, u_isEnabled 
23:59:26.937 TRACE --- [http-nio-9000-exec-2] c.l.e.m.ProductMapper.selectHotList : <==        Row: 263, Test 4, 2021-09-07 07:27:31, 30000, Test 4 , Test 4, 5, 50, null, null, null, 240, 20210907162731쇼핑몰 예시 3.PNG, Test 4, null, null, null, null, null, null, null, null, null 
23:59:26.938 TRACE --- [http-nio-9000-exec-2] c.l.e.m.ProductMapper.selectHotList : <==        Row: 261, Test 2, 2021-09-07 07:26:38, 30000, Test 2 , Test 2, 4, 50, null, null, null, 238, 20210907162639쇼핑몰 예시 1 - 복사본 - 복사본.PNG, Test 2, null, null, null, null, null, null, null, null, null 
23:59:26.939 TRACE --- [http-nio-9000-exec-2] c.l.e.m.ProductMapper.selectHotList : <==        Row: 264, Test 5, 2021-09-07 07:27:54, 30000, Test 5, Test 5, 3, 50, null, null, null, 241, 20210907162755쇼핑몰 예시 4.PNG, Test 5, null, null, null, null, null, null, null, null, null 
23:59:26.940 TRACE --- [http-nio-9000-exec-2] c.l.e.m.ProductMapper.selectHotList : <==        Row: 262, Test 3 , 2021-09-07 07:27:00, 250000, Test 2, Test 2, 2, 50, null, null, null, 239, 20210907162700쇼핑몰 예시 2 - 복사본.PNG, Test 3 , null, null, null, null, null, null, null, null, null 
23:59:26.941 TRACE --- [http-nio-9000-exec-2] c.l.e.m.ProductMapper.selectHotList : <==        Row: 260, Test 1, 2021-09-07 07:26:20, 30000, Test 1, Test 1, 1, 50, null, null, null, 237, 20210907162620쇼핑몰 사진 예시 - 복사본 - 복사본.PNG, Test 1, null, null, null, null, null, null, null, null, null 
23:59:26.941 DEBUG --- [http-nio-9000-exec-2] c.l.e.m.ProductMapper.selectHotList : <==      Total: 5 
23:59:26.941 INFO  --- [http-nio-9000-exec-2] c.l.e.controller.AuthController : [com.lcom_test.example.domain.Product@5774ef9b, com.lcom_test.example.domain.Product@22bdf9f1, com.lcom_test.example.domain.Product@481afbdc, com.lcom_test.example.domain.Product@2110c259, com.lcom_test.example.domain.Product@5168f9d7] 
23:59:26.945 DEBUG --- [http-nio-9000-exec-1] c.l.e.m.ProductMapper.selectHotList : <==      Total: 0 
23:59:26.946 INFO  --- [http-nio-9000-exec-1] c.l.e.controller.AuthController : [] 
